{"/Users/tws94/Documents/fec/config.js": {"path":"/Users/tws94/Documents/fec/config.js","statementMap":{"0":{"start":{"line":1,"column":12},"end":{"line":1,"column":54}}},"fnMap":{},"branchMap":{},"s":{"0":1},"f":{},"b":{},"_coverageSchema":"1a1c01bbd47fc00a2c39e90264f33305004495a9","hash":"64760eee137285f02fee7eda5178f801eb23cca3"}
,"/Users/tws94/Documents/fec/client/Questions/answer.jsx": {"path":"/Users/tws94/Documents/fec/client/Questions/answer.jsx","statementMap":{"0":{"start":{"line":8,"column":4},"end":{"line":8,"column":17}},"1":{"start":{"line":10,"column":4},"end":{"line":15,"column":5}},"2":{"start":{"line":16,"column":4},"end":{"line":16,"column":55}},"3":{"start":{"line":17,"column":4},"end":{"line":17,"column":41}},"4":{"start":{"line":18,"column":4},"end":{"line":18,"column":51}},"5":{"start":{"line":24,"column":17},"end":{"line":25,"column":65}},"6":{"start":{"line":26,"column":4},"end":{"line":26,"column":109}},"7":{"start":{"line":30,"column":4},"end":{"line":30,"column":23}},"8":{"start":{"line":31,"column":4},"end":{"line":33,"column":6}},"9":{"start":{"line":37,"column":4},"end":{"line":37,"column":23}},"10":{"start":{"line":38,"column":18},"end":{"line":46,"column":5}},"11":{"start":{"line":47,"column":4},"end":{"line":55,"column":6}},"12":{"start":{"line":49,"column":6},"end":{"line":51,"column":8}},"13":{"start":{"line":54,"column":6},"end":{"line":54,"column":23}},"14":{"start":{"line":59,"column":4},"end":{"line":93,"column":5}},"15":{"start":{"line":60,"column":6},"end":{"line":75,"column":8}},"16":{"start":{"line":77,"column":6},"end":{"line":92,"column":6}}},"fnMap":{"0":{"name":"(anonymous_0)","decl":{"start":{"line":7,"column":2},"end":{"line":7,"column":3}},"loc":{"start":{"line":7,"column":21},"end":{"line":19,"column":3}},"line":7},"1":{"name":"(anonymous_1)","decl":{"start":{"line":23,"column":2},"end":{"line":23,"column":3}},"loc":{"start":{"line":23,"column":22},"end":{"line":27,"column":3}},"line":23},"2":{"name":"(anonymous_2)","decl":{"start":{"line":29,"column":2},"end":{"line":29,"column":3}},"loc":{"start":{"line":29,"column":12},"end":{"line":34,"column":3}},"line":29},"3":{"name":"(anonymous_3)","decl":{"start":{"line":36,"column":2},"end":{"line":36,"column":3}},"loc":{"start":{"line":36,"column":17},"end":{"line":56,"column":3}},"line":36},"4":{"name":"(anonymous_4)","decl":{"start":{"line":48,"column":10},"end":{"line":48,"column":11}},"loc":{"start":{"line":48,"column":20},"end":{"line":52,"column":5}},"line":48},"5":{"name":"(anonymous_5)","decl":{"start":{"line":53,"column":11},"end":{"line":53,"column":12}},"loc":{"start":{"line":53,"column":18},"end":{"line":55,"column":5}},"line":53},"6":{"name":"(anonymous_6)","decl":{"start":{"line":58,"column":2},"end":{"line":58,"column":3}},"loc":{"start":{"line":58,"column":11},"end":{"line":94,"column":3}},"line":58}},"branchMap":{"0":{"loc":{"start":{"line":59,"column":4},"end":{"line":93,"column":5}},"type":"if","locations":[{"start":{"line":59,"column":4},"end":{"line":93,"column":5}},{"start":{"line":76,"column":11},"end":{"line":93,"column":5}}],"line":59},"1":{"loc":{"start":{"line":65,"column":91},"end":{"line":65,"column":123}},"type":"cond-expr","locations":[{"start":{"line":65,"column":113},"end":{"line":65,"column":117}},{"start":{"line":65,"column":120},"end":{"line":65,"column":123}}],"line":65},"2":{"loc":{"start":{"line":65,"column":127},"end":{"line":65,"column":170}},"type":"cond-expr","locations":[{"start":{"line":65,"column":149},"end":{"line":65,"column":159}},{"start":{"line":65,"column":162},"end":{"line":65,"column":170}}],"line":65},"3":{"loc":{"start":{"line":69,"column":36},"end":{"line":69,"column":92}},"type":"cond-expr","locations":[{"start":{"line":69,"column":69},"end":{"line":69,"column":83}},{"start":{"line":69,"column":86},"end":{"line":69,"column":92}}],"line":69},"4":{"loc":{"start":{"line":69,"column":130},"end":{"line":69,"column":186}},"type":"cond-expr","locations":[{"start":{"line":69,"column":163},"end":{"line":69,"column":177}},{"start":{"line":69,"column":180},"end":{"line":69,"column":186}}],"line":69},"5":{"loc":{"start":{"line":82,"column":89},"end":{"line":82,"column":121}},"type":"cond-expr","locations":[{"start":{"line":82,"column":111},"end":{"line":82,"column":115}},{"start":{"line":82,"column":118},"end":{"line":82,"column":121}}],"line":82},"6":{"loc":{"start":{"line":82,"column":125},"end":{"line":82,"column":168}},"type":"cond-expr","locations":[{"start":{"line":82,"column":147},"end":{"line":82,"column":157}},{"start":{"line":82,"column":160},"end":{"line":82,"column":168}}],"line":82},"7":{"loc":{"start":{"line":86,"column":34},"end":{"line":86,"column":90}},"type":"cond-expr","locations":[{"start":{"line":86,"column":67},"end":{"line":86,"column":81}},{"start":{"line":86,"column":84},"end":{"line":86,"column":90}}],"line":86},"8":{"loc":{"start":{"line":86,"column":128},"end":{"line":86,"column":184}},"type":"cond-expr","locations":[{"start":{"line":86,"column":161},"end":{"line":86,"column":175}},{"start":{"line":86,"column":178},"end":{"line":86,"column":184}}],"line":86}},"s":{"0":35,"1":35,"2":35,"3":35,"4":35,"5":35,"6":35,"7":0,"8":0,"9":0,"10":0,"11":0,"12":0,"13":0,"14":35,"15":35,"16":0},"f":{"0":35,"1":35,"2":0,"3":0,"4":0,"5":0,"6":35},"b":{"0":[35,0],"1":[0,35],"2":[0,35],"3":[7,28],"4":[28,7],"5":[0,0],"6":[0,0],"7":[0,0],"8":[0,0]},"_coverageSchema":"1a1c01bbd47fc00a2c39e90264f33305004495a9","hash":"7abfe6640cc0096e4c50d6b8be36421a16c815f4"}
,"/Users/tws94/Documents/fec/client/Questions/answerlist.jsx": {"path":"/Users/tws94/Documents/fec/client/Questions/answerlist.jsx","statementMap":{"0":{"start":{"line":16,"column":4},"end":{"line":16,"column":17}},"1":{"start":{"line":17,"column":4},"end":{"line":19,"column":5}},"2":{"start":{"line":20,"column":4},"end":{"line":20,"column":55}},"3":{"start":{"line":21,"column":4},"end":{"line":21,"column":57}},"4":{"start":{"line":25,"column":17},"end":{"line":25,"column":19}},"5":{"start":{"line":26,"column":4},"end":{"line":30,"column":5}},"6":{"start":{"line":26,"column":17},"end":{"line":26,"column":18}},"7":{"start":{"line":27,"column":6},"end":{"line":29,"column":7}},"8":{"start":{"line":28,"column":8},"end":{"line":28,"column":28}},"9":{"start":{"line":31,"column":4},"end":{"line":31,"column":18}},"10":{"start":{"line":35,"column":4},"end":{"line":35,"column":23}},"11":{"start":{"line":36,"column":4},"end":{"line":38,"column":6}},"12":{"start":{"line":42,"column":4},"end":{"line":65,"column":5}},"13":{"start":{"line":43,"column":6},"end":{"line":49,"column":8}},"14":{"start":{"line":45,"column":10},"end":{"line":45,"column":256}},"15":{"start":{"line":50,"column":11},"end":{"line":65,"column":5}},"16":{"start":{"line":51,"column":6},"end":{"line":57,"column":6}},"17":{"start":{"line":53,"column":8},"end":{"line":53,"column":254}},"18":{"start":{"line":59,"column":6},"end":{"line":64,"column":6}},"19":{"start":{"line":61,"column":8},"end":{"line":61,"column":254}}},"fnMap":{"0":{"name":"(anonymous_0)","decl":{"start":{"line":15,"column":2},"end":{"line":15,"column":3}},"loc":{"start":{"line":15,"column":21},"end":{"line":22,"column":3}},"line":15},"1":{"name":"(anonymous_1)","decl":{"start":{"line":24,"column":2},"end":{"line":24,"column":3}},"loc":{"start":{"line":24,"column":22},"end":{"line":32,"column":3}},"line":24},"2":{"name":"(anonymous_2)","decl":{"start":{"line":34,"column":2},"end":{"line":34,"column":3}},"loc":{"start":{"line":34,"column":19},"end":{"line":39,"column":3}},"line":34},"3":{"name":"(anonymous_3)","decl":{"start":{"line":41,"column":2},"end":{"line":41,"column":3}},"loc":{"start":{"line":41,"column":11},"end":{"line":66,"column":3}},"line":41},"4":{"name":"(anonymous_4)","decl":{"start":{"line":44,"column":53},"end":{"line":44,"column":54}},"loc":{"start":{"line":45,"column":10},"end":{"line":45,"column":256}},"line":45},"5":{"name":"(anonymous_5)","decl":{"start":{"line":52,"column":30},"end":{"line":52,"column":31}},"loc":{"start":{"line":53,"column":8},"end":{"line":53,"column":254}},"line":53},"6":{"name":"(anonymous_6)","decl":{"start":{"line":60,"column":30},"end":{"line":60,"column":31}},"loc":{"start":{"line":61,"column":8},"end":{"line":61,"column":254}},"line":61}},"branchMap":{"0":{"loc":{"start":{"line":27,"column":6},"end":{"line":29,"column":7}},"type":"if","locations":[{"start":{"line":27,"column":6},"end":{"line":29,"column":7}},{"start":{},"end":{}}],"line":27},"1":{"loc":{"start":{"line":27,"column":10},"end":{"line":27,"column":28}},"type":"binary-expr","locations":[{"start":{"line":27,"column":10},"end":{"line":27,"column":17}},{"start":{"line":27,"column":21},"end":{"line":27,"column":28}}],"line":27},"2":{"loc":{"start":{"line":42,"column":4},"end":{"line":65,"column":5}},"type":"if","locations":[{"start":{"line":42,"column":4},"end":{"line":65,"column":5}},{"start":{"line":50,"column":11},"end":{"line":65,"column":5}}],"line":42},"3":{"loc":{"start":{"line":42,"column":8},"end":{"line":42,"column":70}},"type":"binary-expr","locations":[{"start":{"line":42,"column":8},"end":{"line":42,"column":37}},{"start":{"line":42,"column":41},"end":{"line":42,"column":70}}],"line":42},"4":{"loc":{"start":{"line":50,"column":11},"end":{"line":65,"column":5}},"type":"if","locations":[{"start":{"line":50,"column":11},"end":{"line":65,"column":5}},{"start":{"line":58,"column":11},"end":{"line":65,"column":5}}],"line":50},"5":{"loc":{"start":{"line":50,"column":15},"end":{"line":50,"column":76}},"type":"binary-expr","locations":[{"start":{"line":50,"column":15},"end":{"line":50,"column":43}},{"start":{"line":50,"column":47},"end":{"line":50,"column":76}}],"line":50}},"s":{"0":21,"1":21,"2":21,"3":21,"4":0,"5":0,"6":0,"7":0,"8":0,"9":0,"10":0,"11":0,"12":21,"13":0,"14":0,"15":21,"16":0,"17":0,"18":21,"19":35},"f":{"0":21,"1":0,"2":0,"3":21,"4":0,"5":0,"6":35},"b":{"0":[0,0],"1":[0,0],"2":[0,21],"3":[21,21],"4":[0,21],"5":[21,0]},"_coverageSchema":"1a1c01bbd47fc00a2c39e90264f33305004495a9","hash":"1ebd0e02f3fd023665e4564c65daf4f1afbe9178"}
,"/Users/tws94/Documents/fec/client/Questions/answermodal.jsx": {"path":"/Users/tws94/Documents/fec/client/Questions/answermodal.jsx","statementMap":{"0":{"start":{"line":5,"column":4},"end":{"line":5,"column":17}},"1":{"start":{"line":6,"column":4},"end":{"line":8,"column":6}},"2":{"start":{"line":12,"column":4},"end":{"line":14,"column":5}},"3":{"start":{"line":13,"column":6},"end":{"line":13,"column":18}},"4":{"start":{"line":15,"column":4},"end":{"line":19,"column":6}}},"fnMap":{"0":{"name":"(anonymous_0)","decl":{"start":{"line":4,"column":2},"end":{"line":4,"column":3}},"loc":{"start":{"line":4,"column":21},"end":{"line":9,"column":3}},"line":4},"1":{"name":"(anonymous_1)","decl":{"start":{"line":11,"column":2},"end":{"line":11,"column":3}},"loc":{"start":{"line":11,"column":11},"end":{"line":20,"column":3}},"line":11}},"branchMap":{"0":{"loc":{"start":{"line":12,"column":4},"end":{"line":14,"column":5}},"type":"if","locations":[{"start":{"line":12,"column":4},"end":{"line":14,"column":5}},{"start":{},"end":{}}],"line":12}},"s":{"0":1,"1":1,"2":1,"3":1,"4":0},"f":{"0":1,"1":1},"b":{"0":[1,0]},"_coverageSchema":"1a1c01bbd47fc00a2c39e90264f33305004495a9","hash":"4d5555e6c681f3feb1f43f14a97dfa9eb9d72547"}
,"/Users/tws94/Documents/fec/client/Questions/modal.jsx": {"path":"/Users/tws94/Documents/fec/client/Questions/modal.jsx","statementMap":{"0":{"start":{"line":5,"column":4},"end":{"line":5,"column":17}},"1":{"start":{"line":6,"column":4},"end":{"line":7,"column":5}},"2":{"start":{"line":8,"column":4},"end":{"line":8,"column":51}},"3":{"start":{"line":9,"column":4},"end":{"line":9,"column":65}},"4":{"start":{"line":10,"column":4},"end":{"line":10,"column":53}},"5":{"start":{"line":11,"column":4},"end":{"line":11,"column":41}},"6":{"start":{"line":12,"column":4},"end":{"line":12,"column":39}},"7":{"start":{"line":16,"column":4},"end":{"line":16,"column":16}},"8":{"start":{"line":17,"column":4},"end":{"line":19,"column":6}},"9":{"start":{"line":23,"column":4},"end":{"line":27,"column":5}},"10":{"start":{"line":24,"column":6},"end":{"line":24,"column":19}},"11":{"start":{"line":26,"column":6},"end":{"line":26,"column":18}},"12":{"start":{"line":31,"column":4},"end":{"line":35,"column":5}},"13":{"start":{"line":32,"column":6},"end":{"line":32,"column":18}},"14":{"start":{"line":34,"column":6},"end":{"line":34,"column":19}},"15":{"start":{"line":40,"column":4},"end":{"line":40,"column":23}},"16":{"start":{"line":41,"column":4},"end":{"line":58,"column":5}},"17":{"start":{"line":42,"column":6},"end":{"line":42,"column":37}},"18":{"start":{"line":43,"column":6},"end":{"line":43,"column":32}},"19":{"start":{"line":44,"column":11},"end":{"line":58,"column":5}},"20":{"start":{"line":45,"column":6},"end":{"line":45,"column":80}},"21":{"start":{"line":46,"column":11},"end":{"line":58,"column":5}},"22":{"start":{"line":47,"column":6},"end":{"line":47,"column":83}},"23":{"start":{"line":48,"column":11},"end":{"line":58,"column":5}},"24":{"start":{"line":49,"column":6},"end":{"line":49,"column":80}},"25":{"start":{"line":50,"column":11},"end":{"line":58,"column":5}},"26":{"start":{"line":51,"column":6},"end":{"line":51,"column":65}},"27":{"start":{"line":52,"column":11},"end":{"line":58,"column":5}},"28":{"start":{"line":53,"column":6},"end":{"line":53,"column":65}},"29":{"start":{"line":54,"column":11},"end":{"line":58,"column":5}},"30":{"start":{"line":55,"column":6},"end":{"line":55,"column":62}},"31":{"start":{"line":56,"column":11},"end":{"line":58,"column":5}},"32":{"start":{"line":57,"column":6},"end":{"line":57,"column":98}},"33":{"start":{"line":62,"column":4},"end":{"line":62,"column":23}},"34":{"start":{"line":63,"column":4},"end":{"line":63,"column":30}},"35":{"start":{"line":67,"column":4},"end":{"line":71,"column":7}},"36":{"start":{"line":75,"column":4},"end":{"line":77,"column":5}},"37":{"start":{"line":76,"column":6},"end":{"line":76,"column":18}},"38":{"start":{"line":78,"column":4},"end":{"line":94,"column":6}}},"fnMap":{"0":{"name":"(anonymous_0)","decl":{"start":{"line":4,"column":2},"end":{"line":4,"column":3}},"loc":{"start":{"line":4,"column":21},"end":{"line":13,"column":3}},"line":4},"1":{"name":"(anonymous_1)","decl":{"start":{"line":15,"column":2},"end":{"line":15,"column":3}},"loc":{"start":{"line":15,"column":17},"end":{"line":20,"column":3}},"line":15},"2":{"name":"(anonymous_2)","decl":{"start":{"line":22,"column":2},"end":{"line":22,"column":3}},"loc":{"start":{"line":22,"column":27},"end":{"line":28,"column":3}},"line":22},"3":{"name":"(anonymous_3)","decl":{"start":{"line":30,"column":2},"end":{"line":30,"column":3}},"loc":{"start":{"line":30,"column":22},"end":{"line":36,"column":3}},"line":30},"4":{"name":"(anonymous_4)","decl":{"start":{"line":39,"column":2},"end":{"line":39,"column":3}},"loc":{"start":{"line":39,"column":12},"end":{"line":59,"column":3}},"line":39},"5":{"name":"(anonymous_5)","decl":{"start":{"line":61,"column":2},"end":{"line":61,"column":3}},"loc":{"start":{"line":61,"column":11},"end":{"line":64,"column":3}},"line":61},"6":{"name":"(anonymous_6)","decl":{"start":{"line":66,"column":2},"end":{"line":66,"column":3}},"loc":{"start":{"line":66,"column":22},"end":{"line":72,"column":3}},"line":66},"7":{"name":"(anonymous_7)","decl":{"start":{"line":74,"column":2},"end":{"line":74,"column":3}},"loc":{"start":{"line":74,"column":11},"end":{"line":95,"column":3}},"line":74}},"branchMap":{"0":{"loc":{"start":{"line":23,"column":4},"end":{"line":27,"column":5}},"type":"if","locations":[{"start":{"line":23,"column":4},"end":{"line":27,"column":5}},{"start":{"line":25,"column":11},"end":{"line":27,"column":5}}],"line":23},"1":{"loc":{"start":{"line":31,"column":4},"end":{"line":35,"column":5}},"type":"if","locations":[{"start":{"line":31,"column":4},"end":{"line":35,"column":5}},{"start":{"line":33,"column":11},"end":{"line":35,"column":5}}],"line":31},"2":{"loc":{"start":{"line":31,"column":8},"end":{"line":31,"column":153}},"type":"binary-expr","locations":[{"start":{"line":31,"column":9},"end":{"line":31,"column":67}},{"start":{"line":31,"column":71},"end":{"line":31,"column":129}},{"start":{"line":31,"column":134},"end":{"line":31,"column":153}}],"line":31},"3":{"loc":{"start":{"line":41,"column":4},"end":{"line":58,"column":5}},"type":"if","locations":[{"start":{"line":41,"column":4},"end":{"line":58,"column":5}},{"start":{"line":44,"column":11},"end":{"line":58,"column":5}}],"line":41},"4":{"loc":{"start":{"line":41,"column":8},"end":{"line":41,"column":139}},"type":"binary-expr","locations":[{"start":{"line":41,"column":8},"end":{"line":41,"column":52}},{"start":{"line":41,"column":56},"end":{"line":41,"column":100}},{"start":{"line":41,"column":104},"end":{"line":41,"column":139}}],"line":41},"5":{"loc":{"start":{"line":44,"column":11},"end":{"line":58,"column":5}},"type":"if","locations":[{"start":{"line":44,"column":11},"end":{"line":58,"column":5}},{"start":{"line":46,"column":11},"end":{"line":58,"column":5}}],"line":44},"6":{"loc":{"start":{"line":44,"column":15},"end":{"line":44,"column":148}},"type":"binary-expr","locations":[{"start":{"line":44,"column":15},"end":{"line":44,"column":59}},{"start":{"line":44,"column":63},"end":{"line":44,"column":108}},{"start":{"line":44,"column":112},"end":{"line":44,"column":148}}],"line":44},"7":{"loc":{"start":{"line":46,"column":11},"end":{"line":58,"column":5}},"type":"if","locations":[{"start":{"line":46,"column":11},"end":{"line":58,"column":5}},{"start":{"line":48,"column":11},"end":{"line":58,"column":5}}],"line":46},"8":{"loc":{"start":{"line":46,"column":15},"end":{"line":46,"column":148}},"type":"binary-expr","locations":[{"start":{"line":46,"column":15},"end":{"line":46,"column":60}},{"start":{"line":46,"column":64},"end":{"line":46,"column":109}},{"start":{"line":46,"column":113},"end":{"line":46,"column":148}}],"line":46},"9":{"loc":{"start":{"line":48,"column":11},"end":{"line":58,"column":5}},"type":"if","locations":[{"start":{"line":48,"column":11},"end":{"line":58,"column":5}},{"start":{"line":50,"column":11},"end":{"line":58,"column":5}}],"line":48},"10":{"loc":{"start":{"line":48,"column":15},"end":{"line":48,"column":148}},"type":"binary-expr","locations":[{"start":{"line":48,"column":15},"end":{"line":48,"column":60}},{"start":{"line":48,"column":64},"end":{"line":48,"column":108}},{"start":{"line":48,"column":112},"end":{"line":48,"column":148}}],"line":48},"11":{"loc":{"start":{"line":50,"column":11},"end":{"line":58,"column":5}},"type":"if","locations":[{"start":{"line":50,"column":11},"end":{"line":58,"column":5}},{"start":{"line":52,"column":11},"end":{"line":58,"column":5}}],"line":50},"12":{"loc":{"start":{"line":50,"column":15},"end":{"line":50,"column":147}},"type":"binary-expr","locations":[{"start":{"line":50,"column":15},"end":{"line":50,"column":60}},{"start":{"line":50,"column":64},"end":{"line":50,"column":108}},{"start":{"line":50,"column":112},"end":{"line":50,"column":147}}],"line":50},"13":{"loc":{"start":{"line":52,"column":11},"end":{"line":58,"column":5}},"type":"if","locations":[{"start":{"line":52,"column":11},"end":{"line":58,"column":5}},{"start":{"line":54,"column":11},"end":{"line":58,"column":5}}],"line":52},"14":{"loc":{"start":{"line":52,"column":15},"end":{"line":52,"column":147}},"type":"binary-expr","locations":[{"start":{"line":52,"column":15},"end":{"line":52,"column":59}},{"start":{"line":52,"column":63},"end":{"line":52,"column":108}},{"start":{"line":52,"column":112},"end":{"line":52,"column":147}}],"line":52},"15":{"loc":{"start":{"line":54,"column":11},"end":{"line":58,"column":5}},"type":"if","locations":[{"start":{"line":54,"column":11},"end":{"line":58,"column":5}},{"start":{"line":56,"column":11},"end":{"line":58,"column":5}}],"line":54},"16":{"loc":{"start":{"line":54,"column":15},"end":{"line":54,"column":147}},"type":"binary-expr","locations":[{"start":{"line":54,"column":15},"end":{"line":54,"column":59}},{"start":{"line":54,"column":63},"end":{"line":54,"column":107}},{"start":{"line":54,"column":111},"end":{"line":54,"column":147}}],"line":54},"17":{"loc":{"start":{"line":56,"column":11},"end":{"line":58,"column":5}},"type":"if","locations":[{"start":{"line":56,"column":11},"end":{"line":58,"column":5}},{"start":{},"end":{}}],"line":56},"18":{"loc":{"start":{"line":56,"column":15},"end":{"line":56,"column":149}},"type":"binary-expr","locations":[{"start":{"line":56,"column":15},"end":{"line":56,"column":60}},{"start":{"line":56,"column":64},"end":{"line":56,"column":109}},{"start":{"line":56,"column":113},"end":{"line":56,"column":149}}],"line":56},"19":{"loc":{"start":{"line":75,"column":4},"end":{"line":77,"column":5}},"type":"if","locations":[{"start":{"line":75,"column":4},"end":{"line":77,"column":5}},{"start":{},"end":{}}],"line":75},"20":{"loc":{"start":{"line":85,"column":130},"end":{"line":85,"column":155}},"type":"binary-expr","locations":[{"start":{"line":85,"column":130},"end":{"line":85,"column":149}},{"start":{"line":85,"column":153},"end":{"line":85,"column":155}}],"line":85},"21":{"loc":{"start":{"line":87,"column":162},"end":{"line":87,"column":187}},"type":"binary-expr","locations":[{"start":{"line":87,"column":162},"end":{"line":87,"column":181}},{"start":{"line":87,"column":185},"end":{"line":87,"column":187}}],"line":87},"22":{"loc":{"start":{"line":90,"column":173},"end":{"line":90,"column":195}},"type":"binary-expr","locations":[{"start":{"line":90,"column":173},"end":{"line":90,"column":189}},{"start":{"line":90,"column":193},"end":{"line":90,"column":195}}],"line":90}},"s":{"0":1,"1":1,"2":1,"3":1,"4":1,"5":1,"6":1,"7":0,"8":0,"9":0,"10":0,"11":0,"12":0,"13":0,"14":0,"15":0,"16":0,"17":0,"18":0,"19":0,"20":0,"21":0,"22":0,"23":0,"24":0,"25":0,"26":0,"27":0,"28":0,"29":0,"30":0,"31":0,"32":0,"33":0,"34":0,"35":1,"36":2,"37":2,"38":0},"f":{"0":1,"1":0,"2":0,"3":0,"4":0,"5":0,"6":1,"7":2},"b":{"0":[0,0],"1":[0,0],"2":[0,0,0],"3":[0,0],"4":[0,0,0],"5":[0,0],"6":[0,0,0],"7":[0,0],"8":[0,0,0],"9":[0,0],"10":[0,0,0],"11":[0,0],"12":[0,0,0],"13":[0,0],"14":[0,0,0],"15":[0,0],"16":[0,0,0],"17":[0,0],"18":[0,0,0],"19":[2,0],"20":[0,0],"21":[0,0],"22":[0,0]},"_coverageSchema":"1a1c01bbd47fc00a2c39e90264f33305004495a9","hash":"86dee27d29204dda48d20474048b9d3789a225da"}
,"/Users/tws94/Documents/fec/client/Questions/question.jsx": {"path":"/Users/tws94/Documents/fec/client/Questions/question.jsx","statementMap":{"0":{"start":{"line":8,"column":4},"end":{"line":8,"column":17}},"1":{"start":{"line":9,"column":4},"end":{"line":14,"column":5}},"2":{"start":{"line":15,"column":4},"end":{"line":15,"column":45}},"3":{"start":{"line":16,"column":4},"end":{"line":16,"column":60}},"4":{"start":{"line":17,"column":4},"end":{"line":17,"column":41}},"5":{"start":{"line":18,"column":4},"end":{"line":18,"column":49}},"6":{"start":{"line":19,"column":4},"end":{"line":19,"column":51}},"7":{"start":{"line":23,"column":14},"end":{"line":23,"column":16}},"8":{"start":{"line":24,"column":4},"end":{"line":26,"column":5}},"9":{"start":{"line":25,"column":6},"end":{"line":25,"column":25}},"10":{"start":{"line":27,"column":4},"end":{"line":27,"column":15}},"11":{"start":{"line":31,"column":20},"end":{"line":31,"column":22}},"12":{"start":{"line":32,"column":4},"end":{"line":37,"column":5}},"13":{"start":{"line":32,"column":17},"end":{"line":32,"column":18}},"14":{"start":{"line":33,"column":6},"end":{"line":36,"column":7}},"15":{"start":{"line":34,"column":8},"end":{"line":34,"column":34}},"16":{"start":{"line":35,"column":8},"end":{"line":35,"column":25}},"17":{"start":{"line":39,"column":4},"end":{"line":41,"column":5}},"18":{"start":{"line":39,"column":17},"end":{"line":39,"column":18}},"19":{"start":{"line":40,"column":6},"end":{"line":40,"column":32}},"20":{"start":{"line":42,"column":4},"end":{"line":42,"column":15}},"21":{"start":{"line":46,"column":4},"end":{"line":46,"column":23}},"22":{"start":{"line":47,"column":4},"end":{"line":49,"column":6}},"23":{"start":{"line":53,"column":22},"end":{"line":53,"column":24}},"24":{"start":{"line":55,"column":4},"end":{"line":60,"column":5}},"25":{"start":{"line":55,"column":17},"end":{"line":55,"column":18}},"26":{"start":{"line":56,"column":6},"end":{"line":59,"column":7}},"27":{"start":{"line":57,"column":8},"end":{"line":57,"column":33}},"28":{"start":{"line":58,"column":8},"end":{"line":58,"column":25}},"29":{"start":{"line":62,"column":4},"end":{"line":62,"column":58}},"30":{"start":{"line":62,"column":23},"end":{"line":62,"column":56}},"31":{"start":{"line":63,"column":4},"end":{"line":63,"column":18}},"32":{"start":{"line":65,"column":4},"end":{"line":67,"column":5}},"33":{"start":{"line":65,"column":17},"end":{"line":65,"column":18}},"34":{"start":{"line":66,"column":6},"end":{"line":66,"column":31}},"35":{"start":{"line":68,"column":4},"end":{"line":68,"column":15}},"36":{"start":{"line":72,"column":4},"end":{"line":72,"column":23}},"37":{"start":{"line":73,"column":18},"end":{"line":81,"column":5}},"38":{"start":{"line":82,"column":4},"end":{"line":90,"column":6}},"39":{"start":{"line":84,"column":6},"end":{"line":86,"column":8}},"40":{"start":{"line":89,"column":6},"end":{"line":89,"column":23}},"41":{"start":{"line":95,"column":4},"end":{"line":114,"column":12}}},"fnMap":{"0":{"name":"(anonymous_0)","decl":{"start":{"line":7,"column":2},"end":{"line":7,"column":3}},"loc":{"start":{"line":7,"column":21},"end":{"line":20,"column":3}},"line":7},"1":{"name":"(anonymous_1)","decl":{"start":{"line":22,"column":2},"end":{"line":22,"column":3}},"loc":{"start":{"line":22,"column":16},"end":{"line":28,"column":3}},"line":22},"2":{"name":"(anonymous_2)","decl":{"start":{"line":30,"column":2},"end":{"line":30,"column":3}},"loc":{"start":{"line":30,"column":18},"end":{"line":43,"column":3}},"line":30},"3":{"name":"(anonymous_3)","decl":{"start":{"line":45,"column":2},"end":{"line":45,"column":3}},"loc":{"start":{"line":45,"column":12},"end":{"line":50,"column":3}},"line":45},"4":{"name":"(anonymous_4)","decl":{"start":{"line":52,"column":2},"end":{"line":52,"column":3}},"loc":{"start":{"line":52,"column":23},"end":{"line":69,"column":3}},"line":52},"5":{"name":"(anonymous_5)","decl":{"start":{"line":62,"column":13},"end":{"line":62,"column":14}},"loc":{"start":{"line":62,"column":23},"end":{"line":62,"column":56}},"line":62},"6":{"name":"(anonymous_6)","decl":{"start":{"line":71,"column":2},"end":{"line":71,"column":3}},"loc":{"start":{"line":71,"column":17},"end":{"line":91,"column":3}},"line":71},"7":{"name":"(anonymous_7)","decl":{"start":{"line":83,"column":10},"end":{"line":83,"column":11}},"loc":{"start":{"line":83,"column":20},"end":{"line":87,"column":5}},"line":83},"8":{"name":"(anonymous_8)","decl":{"start":{"line":88,"column":11},"end":{"line":88,"column":12}},"loc":{"start":{"line":88,"column":18},"end":{"line":90,"column":5}},"line":88},"9":{"name":"(anonymous_9)","decl":{"start":{"line":94,"column":2},"end":{"line":94,"column":3}},"loc":{"start":{"line":94,"column":11},"end":{"line":115,"column":3}},"line":94}},"branchMap":{"0":{"loc":{"start":{"line":33,"column":6},"end":{"line":36,"column":7}},"type":"if","locations":[{"start":{"line":33,"column":6},"end":{"line":36,"column":7}},{"start":{},"end":{}}],"line":33},"1":{"loc":{"start":{"line":56,"column":6},"end":{"line":59,"column":7}},"type":"if","locations":[{"start":{"line":56,"column":6},"end":{"line":59,"column":7}},{"start":{},"end":{}}],"line":56},"2":{"loc":{"start":{"line":95,"column":34},"end":{"line":95,"column":99}},"type":"cond-expr","locations":[{"start":{"line":95,"column":82},"end":{"line":95,"column":90}},{"start":{"line":95,"column":93},"end":{"line":95,"column":99}}],"line":95},"3":{"loc":{"start":{"line":101,"column":89},"end":{"line":101,"column":121}},"type":"cond-expr","locations":[{"start":{"line":101,"column":111},"end":{"line":101,"column":115}},{"start":{"line":101,"column":118},"end":{"line":101,"column":121}}],"line":101},"4":{"loc":{"start":{"line":101,"column":125},"end":{"line":101,"column":168}},"type":"cond-expr","locations":[{"start":{"line":101,"column":147},"end":{"line":101,"column":157}},{"start":{"line":101,"column":160},"end":{"line":101,"column":168}}],"line":101}},"s":{"0":21,"1":21,"2":21,"3":21,"4":21,"5":21,"6":21,"7":21,"8":21,"9":35,"10":21,"11":21,"12":21,"13":21,"14":35,"15":7,"16":7,"17":21,"18":21,"19":7,"20":21,"21":0,"22":0,"23":21,"24":21,"25":21,"26":35,"27":0,"28":0,"29":21,"30":14,"31":21,"32":21,"33":21,"34":0,"35":21,"36":0,"37":0,"38":0,"39":0,"40":0,"41":21},"f":{"0":21,"1":21,"2":21,"3":0,"4":21,"5":14,"6":0,"7":0,"8":0,"9":21},"b":{"0":[7,28],"1":[0,35],"2":[0,21],"3":[0,21],"4":[0,21]},"_coverageSchema":"1a1c01bbd47fc00a2c39e90264f33305004495a9","hash":"0bdee1a9e036bb6f684e7643fbdce88fde50c118"}
,"/Users/tws94/Documents/fec/client/Questions/questionapp.jsx": {"path":"/Users/tws94/Documents/fec/client/Questions/questionapp.jsx","statementMap":{"0":{"start":{"line":11,"column":4},"end":{"line":11,"column":17}},"1":{"start":{"line":12,"column":4},"end":{"line":18,"column":6}},"2":{"start":{"line":19,"column":4},"end":{"line":19,"column":35}},"3":{"start":{"line":21,"column":4},"end":{"line":21,"column":59}},"4":{"start":{"line":22,"column":4},"end":{"line":22,"column":59}},"5":{"start":{"line":23,"column":4},"end":{"line":23,"column":55}},"6":{"start":{"line":24,"column":4},"end":{"line":24,"column":49}},"7":{"start":{"line":25,"column":4},"end":{"line":25,"column":51}},"8":{"start":{"line":26,"column":4},"end":{"line":26,"column":63}},"9":{"start":{"line":30,"column":4},"end":{"line":41,"column":5}},"10":{"start":{"line":31,"column":21},"end":{"line":31,"column":23}},"11":{"start":{"line":32,"column":21},"end":{"line":32,"column":24}},"12":{"start":{"line":33,"column":6},"end":{"line":37,"column":7}},"13":{"start":{"line":33,"column":19},"end":{"line":33,"column":20}},"14":{"start":{"line":34,"column":8},"end":{"line":36,"column":9}},"15":{"start":{"line":35,"column":10},"end":{"line":35,"column":37}},"16":{"start":{"line":38,"column":6},"end":{"line":38,"column":22}},"17":{"start":{"line":40,"column":6},"end":{"line":40,"column":17}},"18":{"start":{"line":45,"column":4},"end":{"line":53,"column":5}},"19":{"start":{"line":46,"column":6},"end":{"line":48,"column":9}},"20":{"start":{"line":50,"column":6},"end":{"line":52,"column":9}},"21":{"start":{"line":57,"column":4},"end":{"line":57,"column":23}},"22":{"start":{"line":58,"column":4},"end":{"line":60,"column":7}},"23":{"start":{"line":64,"column":22},"end":{"line":64,"column":24}},"24":{"start":{"line":65,"column":4},"end":{"line":70,"column":5}},"25":{"start":{"line":65,"column":17},"end":{"line":65,"column":18}},"26":{"start":{"line":66,"column":6},"end":{"line":69,"column":7}},"27":{"start":{"line":67,"column":8},"end":{"line":67,"column":33}},"28":{"start":{"line":68,"column":8},"end":{"line":68,"column":25}},"29":{"start":{"line":71,"column":4},"end":{"line":71,"column":76}},"30":{"start":{"line":71,"column":23},"end":{"line":71,"column":74}},"31":{"start":{"line":72,"column":4},"end":{"line":72,"column":18}},"32":{"start":{"line":73,"column":4},"end":{"line":75,"column":5}},"33":{"start":{"line":73,"column":17},"end":{"line":73,"column":18}},"34":{"start":{"line":74,"column":6},"end":{"line":74,"column":31}},"35":{"start":{"line":76,"column":4},"end":{"line":76,"column":15}},"36":{"start":{"line":80,"column":4},"end":{"line":80,"column":23}},"37":{"start":{"line":81,"column":4},"end":{"line":83,"column":6}},"38":{"start":{"line":87,"column":4},"end":{"line":87,"column":23}},"39":{"start":{"line":88,"column":4},"end":{"line":90,"column":6}},"40":{"start":{"line":119,"column":18},"end":{"line":127,"column":5}},"41":{"start":{"line":129,"column":4},"end":{"line":137,"column":7}},"42":{"start":{"line":131,"column":6},"end":{"line":133,"column":9}},"43":{"start":{"line":136,"column":6},"end":{"line":136,"column":23}},"44":{"start":{"line":141,"column":18},"end":{"line":144,"column":5}},"45":{"start":{"line":152,"column":4},"end":{"line":152,"column":15}},"46":{"start":{"line":156,"column":4},"end":{"line":164,"column":6}}},"fnMap":{"0":{"name":"(anonymous_0)","decl":{"start":{"line":10,"column":2},"end":{"line":10,"column":3}},"loc":{"start":{"line":10,"column":21},"end":{"line":27,"column":3}},"line":10},"1":{"name":"(anonymous_1)","decl":{"start":{"line":29,"column":2},"end":{"line":29,"column":3}},"loc":{"start":{"line":29,"column":18},"end":{"line":42,"column":3}},"line":29},"2":{"name":"(anonymous_2)","decl":{"start":{"line":44,"column":2},"end":{"line":44,"column":3}},"loc":{"start":{"line":44,"column":25},"end":{"line":54,"column":3}},"line":44},"3":{"name":"(anonymous_3)","decl":{"start":{"line":56,"column":2},"end":{"line":56,"column":3}},"loc":{"start":{"line":56,"column":21},"end":{"line":61,"column":3}},"line":56},"4":{"name":"(anonymous_4)","decl":{"start":{"line":63,"column":2},"end":{"line":63,"column":3}},"loc":{"start":{"line":63,"column":23},"end":{"line":77,"column":3}},"line":63},"5":{"name":"(anonymous_5)","decl":{"start":{"line":71,"column":13},"end":{"line":71,"column":14}},"loc":{"start":{"line":71,"column":23},"end":{"line":71,"column":74}},"line":71},"6":{"name":"(anonymous_6)","decl":{"start":{"line":79,"column":2},"end":{"line":79,"column":3}},"loc":{"start":{"line":79,"column":17},"end":{"line":84,"column":3}},"line":79},"7":{"name":"(anonymous_7)","decl":{"start":{"line":86,"column":2},"end":{"line":86,"column":3}},"loc":{"start":{"line":86,"column":23},"end":{"line":91,"column":3}},"line":86},"8":{"name":"(anonymous_8)","decl":{"start":{"line":118,"column":2},"end":{"line":118,"column":3}},"loc":{"start":{"line":118,"column":8},"end":{"line":138,"column":3}},"line":118},"9":{"name":"(anonymous_9)","decl":{"start":{"line":130,"column":10},"end":{"line":130,"column":11}},"loc":{"start":{"line":130,"column":20},"end":{"line":134,"column":5}},"line":130},"10":{"name":"(anonymous_10)","decl":{"start":{"line":135,"column":11},"end":{"line":135,"column":12}},"loc":{"start":{"line":135,"column":18},"end":{"line":137,"column":5}},"line":135},"11":{"name":"(anonymous_11)","decl":{"start":{"line":140,"column":2},"end":{"line":140,"column":3}},"loc":{"start":{"line":140,"column":16},"end":{"line":145,"column":3}},"line":140},"12":{"name":"(anonymous_12)","decl":{"start":{"line":147,"column":2},"end":{"line":147,"column":3}},"loc":{"start":{"line":147,"column":15},"end":{"line":149,"column":3}},"line":147},"13":{"name":"(anonymous_13)","decl":{"start":{"line":151,"column":2},"end":{"line":151,"column":3}},"loc":{"start":{"line":151,"column":23},"end":{"line":153,"column":3}},"line":151},"14":{"name":"(anonymous_14)","decl":{"start":{"line":155,"column":2},"end":{"line":155,"column":3}},"loc":{"start":{"line":155,"column":11},"end":{"line":165,"column":3}},"line":155}},"branchMap":{"0":{"loc":{"start":{"line":30,"column":4},"end":{"line":41,"column":5}},"type":"if","locations":[{"start":{"line":30,"column":4},"end":{"line":41,"column":5}},{"start":{"line":39,"column":11},"end":{"line":41,"column":5}}],"line":30},"1":{"loc":{"start":{"line":34,"column":8},"end":{"line":36,"column":9}},"type":"if","locations":[{"start":{"line":34,"column":8},"end":{"line":36,"column":9}},{"start":{},"end":{}}],"line":34},"2":{"loc":{"start":{"line":45,"column":4},"end":{"line":53,"column":5}},"type":"if","locations":[{"start":{"line":45,"column":4},"end":{"line":53,"column":5}},{"start":{"line":49,"column":11},"end":{"line":53,"column":5}}],"line":45},"3":{"loc":{"start":{"line":66,"column":6},"end":{"line":69,"column":7}},"type":"if","locations":[{"start":{"line":66,"column":6},"end":{"line":69,"column":7}},{"start":{},"end":{}}],"line":66},"4":{"loc":{"start":{"line":161,"column":62},"end":{"line":161,"column":141}},"type":"cond-expr","locations":[{"start":{"line":161,"column":125},"end":{"line":161,"column":131}},{"start":{"line":161,"column":134},"end":{"line":161,"column":141}}],"line":161}},"s":{"0":1,"1":1,"2":1,"3":1,"4":1,"5":1,"6":1,"7":1,"8":1,"9":1,"10":0,"11":0,"12":0,"13":0,"14":0,"15":0,"16":0,"17":1,"18":0,"19":0,"20":0,"21":0,"22":0,"23":0,"24":0,"25":0,"26":0,"27":0,"28":0,"29":0,"30":0,"31":0,"32":0,"33":0,"34":0,"35":0,"36":0,"37":0,"38":0,"39":0,"40":0,"41":0,"42":0,"43":0,"44":0,"45":0,"46":1},"f":{"0":1,"1":1,"2":0,"3":0,"4":0,"5":0,"6":0,"7":0,"8":0,"9":0,"10":0,"11":0,"12":0,"13":0,"14":1},"b":{"0":[0,1],"1":[0,0],"2":[0,0],"3":[0,0],"4":[1,0]},"_coverageSchema":"1a1c01bbd47fc00a2c39e90264f33305004495a9","hash":"d00332e1ed11388841a63994cf76d88490e1f969"}
,"/Users/tws94/Documents/fec/client/Questions/questionslist.jsx": {"path":"/Users/tws94/Documents/fec/client/Questions/questionslist.jsx","statementMap":{"0":{"start":{"line":7,"column":4},"end":{"line":7,"column":17}},"1":{"start":{"line":8,"column":4},"end":{"line":9,"column":6}},"2":{"start":{"line":13,"column":4},"end":{"line":29,"column":5}},"3":{"start":{"line":14,"column":6},"end":{"line":14,"column":28}},"4":{"start":{"line":15,"column":11},"end":{"line":29,"column":5}},"5":{"start":{"line":16,"column":4},"end":{"line":21,"column":12}},"6":{"start":{"line":19,"column":8},"end":{"line":19,"column":507}},"7":{"start":{"line":22,"column":11},"end":{"line":29,"column":5}},"8":{"start":{"line":23,"column":6},"end":{"line":28,"column":14}},"9":{"start":{"line":26,"column":10},"end":{"line":26,"column":509}}},"fnMap":{"0":{"name":"(anonymous_0)","decl":{"start":{"line":6,"column":2},"end":{"line":6,"column":3}},"loc":{"start":{"line":6,"column":21},"end":{"line":10,"column":3}},"line":6},"1":{"name":"(anonymous_1)","decl":{"start":{"line":12,"column":2},"end":{"line":12,"column":3}},"loc":{"start":{"line":12,"column":11},"end":{"line":30,"column":3}},"line":12},"2":{"name":"(anonymous_2)","decl":{"start":{"line":18,"column":32},"end":{"line":18,"column":33}},"loc":{"start":{"line":19,"column":8},"end":{"line":19,"column":507}},"line":19},"3":{"name":"(anonymous_3)","decl":{"start":{"line":25,"column":34},"end":{"line":25,"column":35}},"loc":{"start":{"line":26,"column":10},"end":{"line":26,"column":509}},"line":26}},"branchMap":{"0":{"loc":{"start":{"line":13,"column":4},"end":{"line":29,"column":5}},"type":"if","locations":[{"start":{"line":13,"column":4},"end":{"line":29,"column":5}},{"start":{"line":15,"column":11},"end":{"line":29,"column":5}}],"line":13},"1":{"loc":{"start":{"line":15,"column":11},"end":{"line":29,"column":5}},"type":"if","locations":[{"start":{"line":15,"column":11},"end":{"line":29,"column":5}},{"start":{"line":22,"column":11},"end":{"line":29,"column":5}}],"line":15},"2":{"loc":{"start":{"line":22,"column":11},"end":{"line":29,"column":5}},"type":"if","locations":[{"start":{"line":22,"column":11},"end":{"line":29,"column":5}},{"start":{},"end":{}}],"line":22}},"s":{"0":8,"1":8,"2":8,"3":1,"4":7,"5":7,"6":21,"7":0,"8":0,"9":0},"f":{"0":8,"1":8,"2":21,"3":0},"b":{"0":[1,7],"1":[7,0],"2":[0,0]},"_coverageSchema":"1a1c01bbd47fc00a2c39e90264f33305004495a9","hash":"09dd9aec63c0597522658aba268744952e448fb4"}
,"/Users/tws94/Documents/fec/client/Questions/search.jsx": {"path":"/Users/tws94/Documents/fec/client/Questions/search.jsx","statementMap":{"0":{"start":{"line":5,"column":4},"end":{"line":5,"column":17}},"1":{"start":{"line":6,"column":4},"end":{"line":8,"column":5}},"2":{"start":{"line":9,"column":4},"end":{"line":9,"column":51}},"3":{"start":{"line":13,"column":4},"end":{"line":13,"column":16}},"4":{"start":{"line":14,"column":4},"end":{"line":22,"column":5}},"5":{"start":{"line":15,"column":6},"end":{"line":17,"column":44}},"6":{"start":{"line":19,"column":6},"end":{"line":21,"column":44}},"7":{"start":{"line":26,"column":4},"end":{"line":29,"column":6}}},"fnMap":{"0":{"name":"(anonymous_0)","decl":{"start":{"line":4,"column":2},"end":{"line":4,"column":3}},"loc":{"start":{"line":4,"column":21},"end":{"line":10,"column":3}},"line":4},"1":{"name":"(anonymous_1)","decl":{"start":{"line":12,"column":2},"end":{"line":12,"column":3}},"loc":{"start":{"line":12,"column":17},"end":{"line":23,"column":3}},"line":12},"2":{"name":"(anonymous_2)","decl":{"start":{"line":25,"column":2},"end":{"line":25,"column":3}},"loc":{"start":{"line":25,"column":11},"end":{"line":30,"column":3}},"line":25}},"branchMap":{"0":{"loc":{"start":{"line":14,"column":4},"end":{"line":22,"column":5}},"type":"if","locations":[{"start":{"line":14,"column":4},"end":{"line":22,"column":5}},{"start":{"line":18,"column":11},"end":{"line":22,"column":5}}],"line":14}},"s":{"0":1,"1":1,"2":1,"3":0,"4":0,"5":0,"6":0,"7":1},"f":{"0":1,"1":0,"2":1},"b":{"0":[0,0]},"_coverageSchema":"1a1c01bbd47fc00a2c39e90264f33305004495a9","hash":"a7794a1aee3e1362b072fe24abc29b824ff810a6"}
,"/Users/tws94/Documents/fec/client/reviews/index.jsx": {"path":"/Users/tws94/Documents/fec/client/reviews/index.jsx","statementMap":{"0":{"start":{"line":6,"column":4},"end":{"line":6,"column":17}},"1":{"start":{"line":7,"column":4},"end":{"line":7,"column":20}},"2":{"start":{"line":11,"column":4},"end":{"line":15,"column":5}}},"fnMap":{"0":{"name":"(anonymous_0)","decl":{"start":{"line":5,"column":2},"end":{"line":5,"column":3}},"loc":{"start":{"line":5,"column":21},"end":{"line":8,"column":3}},"line":5},"1":{"name":"(anonymous_1)","decl":{"start":{"line":10,"column":2},"end":{"line":10,"column":3}},"loc":{"start":{"line":10,"column":11},"end":{"line":16,"column":3}},"line":10}},"branchMap":{},"s":{"0":1,"1":1,"2":1},"f":{"0":1,"1":1},"b":{},"_coverageSchema":"1a1c01bbd47fc00a2c39e90264f33305004495a9","hash":"97181e68680ec6b3bab24fa07afcc7d59a131351"}
,"/Users/tws94/Documents/fec/test/client/testanswers.js": {"path":"/Users/tws94/Documents/fec/test/client/testanswers.js","statementMap":{"0":{"start":{"line":1,"column":18},"end":{"line":33,"column":1}}},"fnMap":{},"branchMap":{},"s":{"0":1},"f":{},"b":{},"_coverageSchema":"1a1c01bbd47fc00a2c39e90264f33305004495a9","hash":"de6312e3710f09db35d336f249570231e8011b16"}
,"/Users/tws94/Documents/fec/test/client/testproduct.js": {"path":"/Users/tws94/Documents/fec/test/client/testproduct.js","statementMap":{"0":{"start":{"line":1,"column":18},"end":{"line":25,"column":1}}},"fnMap":{},"branchMap":{},"s":{"0":1},"f":{},"b":{},"_coverageSchema":"1a1c01bbd47fc00a2c39e90264f33305004495a9","hash":"070de6f111ebe37943462b2cebd03212571f8b63"}
,"/Users/tws94/Documents/fec/test/client/testquestions.js": {"path":"/Users/tws94/Documents/fec/test/client/testquestions.js","statementMap":{"0":{"start":{"line":1,"column":20},"end":{"line":70,"column":2}}},"fnMap":{},"branchMap":{},"s":{"0":1},"f":{},"b":{},"_coverageSchema":"1a1c01bbd47fc00a2c39e90264f33305004495a9","hash":"2cbe645aedf04f165c7de219c9e322197de78b31"}
}
