{"/Users/tws94/Documents/fec/config.js": {"path":"/Users/tws94/Documents/fec/config.js","statementMap":{"0":{"start":{"line":1,"column":12},"end":{"line":1,"column":54}}},"fnMap":{},"branchMap":{},"s":{"0":2},"f":{},"b":{},"_coverageSchema":"1a1c01bbd47fc00a2c39e90264f33305004495a9","hash":"64760eee137285f02fee7eda5178f801eb23cca3"}
,"/Users/tws94/Documents/fec/client/Questions/answer.jsx": {"path":"/Users/tws94/Documents/fec/client/Questions/answer.jsx","statementMap":{"0":{"start":{"line":8,"column":4},"end":{"line":8,"column":17}},"1":{"start":{"line":10,"column":4},"end":{"line":16,"column":5}},"2":{"start":{"line":17,"column":4},"end":{"line":17,"column":55}},"3":{"start":{"line":18,"column":4},"end":{"line":18,"column":41}},"4":{"start":{"line":19,"column":4},"end":{"line":19,"column":51}},"5":{"start":{"line":25,"column":17},"end":{"line":26,"column":65}},"6":{"start":{"line":27,"column":4},"end":{"line":27,"column":109}},"7":{"start":{"line":31,"column":4},"end":{"line":31,"column":23}},"8":{"start":{"line":32,"column":18},"end":{"line":40,"column":5}},"9":{"start":{"line":42,"column":4},"end":{"line":52,"column":7}},"10":{"start":{"line":44,"column":6},"end":{"line":48,"column":9}},"11":{"start":{"line":47,"column":8},"end":{"line":47,"column":33}},"12":{"start":{"line":51,"column":6},"end":{"line":51,"column":23}},"13":{"start":{"line":56,"column":4},"end":{"line":56,"column":23}},"14":{"start":{"line":57,"column":18},"end":{"line":65,"column":5}},"15":{"start":{"line":66,"column":4},"end":{"line":75,"column":6}},"16":{"start":{"line":68,"column":6},"end":{"line":71,"column":8}},"17":{"start":{"line":74,"column":6},"end":{"line":74,"column":23}},"18":{"start":{"line":79,"column":4},"end":{"line":114,"column":5}},"19":{"start":{"line":80,"column":6},"end":{"line":95,"column":8}},"20":{"start":{"line":97,"column":6},"end":{"line":113,"column":6}}},"fnMap":{"0":{"name":"(anonymous_0)","decl":{"start":{"line":7,"column":2},"end":{"line":7,"column":3}},"loc":{"start":{"line":7,"column":21},"end":{"line":20,"column":3}},"line":7},"1":{"name":"(anonymous_1)","decl":{"start":{"line":24,"column":2},"end":{"line":24,"column":3}},"loc":{"start":{"line":24,"column":22},"end":{"line":28,"column":3}},"line":24},"2":{"name":"(anonymous_2)","decl":{"start":{"line":30,"column":2},"end":{"line":30,"column":3}},"loc":{"start":{"line":30,"column":12},"end":{"line":53,"column":3}},"line":30},"3":{"name":"(anonymous_3)","decl":{"start":{"line":43,"column":10},"end":{"line":43,"column":11}},"loc":{"start":{"line":43,"column":20},"end":{"line":49,"column":5}},"line":43},"4":{"name":"(anonymous_4)","decl":{"start":{"line":46,"column":9},"end":{"line":46,"column":10}},"loc":{"start":{"line":46,"column":15},"end":{"line":48,"column":7}},"line":46},"5":{"name":"(anonymous_5)","decl":{"start":{"line":50,"column":11},"end":{"line":50,"column":12}},"loc":{"start":{"line":50,"column":18},"end":{"line":52,"column":5}},"line":50},"6":{"name":"(anonymous_6)","decl":{"start":{"line":55,"column":2},"end":{"line":55,"column":3}},"loc":{"start":{"line":55,"column":17},"end":{"line":76,"column":3}},"line":55},"7":{"name":"(anonymous_7)","decl":{"start":{"line":67,"column":10},"end":{"line":67,"column":11}},"loc":{"start":{"line":67,"column":20},"end":{"line":72,"column":5}},"line":67},"8":{"name":"(anonymous_8)","decl":{"start":{"line":73,"column":11},"end":{"line":73,"column":12}},"loc":{"start":{"line":73,"column":18},"end":{"line":75,"column":5}},"line":73},"9":{"name":"(anonymous_9)","decl":{"start":{"line":78,"column":2},"end":{"line":78,"column":3}},"loc":{"start":{"line":78,"column":11},"end":{"line":115,"column":3}},"line":78}},"branchMap":{"0":{"loc":{"start":{"line":79,"column":4},"end":{"line":114,"column":5}},"type":"if","locations":[{"start":{"line":79,"column":4},"end":{"line":114,"column":5}},{"start":{"line":96,"column":11},"end":{"line":114,"column":5}}],"line":79},"1":{"loc":{"start":{"line":84,"column":101},"end":{"line":84,"column":130}},"type":"cond-expr","locations":[{"start":{"line":84,"column":120},"end":{"line":84,"column":124}},{"start":{"line":84,"column":127},"end":{"line":84,"column":130}}],"line":84},"2":{"loc":{"start":{"line":84,"column":141},"end":{"line":84,"column":183}},"type":"cond-expr","locations":[{"start":{"line":84,"column":160},"end":{"line":84,"column":164}},{"start":{"line":84,"column":167},"end":{"line":84,"column":183}}],"line":84},"3":{"loc":{"start":{"line":85,"column":104},"end":{"line":85,"column":144}},"type":"cond-expr","locations":[{"start":{"line":85,"column":126},"end":{"line":85,"column":130}},{"start":{"line":85,"column":133},"end":{"line":85,"column":144}}],"line":85},"4":{"loc":{"start":{"line":85,"column":153},"end":{"line":85,"column":185}},"type":"cond-expr","locations":[{"start":{"line":85,"column":175},"end":{"line":85,"column":179}},{"start":{"line":85,"column":182},"end":{"line":85,"column":185}}],"line":85},"5":{"loc":{"start":{"line":85,"column":189},"end":{"line":85,"column":232}},"type":"cond-expr","locations":[{"start":{"line":85,"column":211},"end":{"line":85,"column":221}},{"start":{"line":85,"column":224},"end":{"line":85,"column":232}}],"line":85},"6":{"loc":{"start":{"line":87,"column":107},"end":{"line":87,"column":163}},"type":"cond-expr","locations":[{"start":{"line":87,"column":140},"end":{"line":87,"column":154}},{"start":{"line":87,"column":157},"end":{"line":87,"column":163}}],"line":87},"7":{"loc":{"start":{"line":87,"column":235},"end":{"line":87,"column":291}},"type":"cond-expr","locations":[{"start":{"line":87,"column":268},"end":{"line":87,"column":282}},{"start":{"line":87,"column":285},"end":{"line":87,"column":291}}],"line":87},"8":{"loc":{"start":{"line":88,"column":60},"end":{"line":88,"column":107}},"type":"cond-expr","locations":[{"start":{"line":88,"column":91},"end":{"line":88,"column":98}},{"start":{"line":88,"column":101},"end":{"line":88,"column":107}}],"line":88},"9":{"loc":{"start":{"line":102,"column":121},"end":{"line":102,"column":153}},"type":"cond-expr","locations":[{"start":{"line":102,"column":143},"end":{"line":102,"column":147}},{"start":{"line":102,"column":150},"end":{"line":102,"column":153}}],"line":102},"10":{"loc":{"start":{"line":102,"column":157},"end":{"line":102,"column":200}},"type":"cond-expr","locations":[{"start":{"line":102,"column":179},"end":{"line":102,"column":189}},{"start":{"line":102,"column":192},"end":{"line":102,"column":200}}],"line":102},"11":{"loc":{"start":{"line":104,"column":98},"end":{"line":104,"column":154}},"type":"cond-expr","locations":[{"start":{"line":104,"column":131},"end":{"line":104,"column":145}},{"start":{"line":104,"column":148},"end":{"line":104,"column":154}}],"line":104},"12":{"loc":{"start":{"line":104,"column":226},"end":{"line":104,"column":282}},"type":"cond-expr","locations":[{"start":{"line":104,"column":259},"end":{"line":104,"column":273}},{"start":{"line":104,"column":276},"end":{"line":104,"column":282}}],"line":104},"13":{"loc":{"start":{"line":105,"column":58},"end":{"line":105,"column":105}},"type":"cond-expr","locations":[{"start":{"line":105,"column":89},"end":{"line":105,"column":96}},{"start":{"line":105,"column":99},"end":{"line":105,"column":105}}],"line":105}},"s":{"0":30,"1":30,"2":30,"3":30,"4":30,"5":30,"6":30,"7":0,"8":0,"9":0,"10":0,"11":0,"12":0,"13":0,"14":0,"15":0,"16":0,"17":0,"18":30,"19":30,"20":0},"f":{"0":30,"1":30,"2":0,"3":0,"4":0,"5":0,"6":0,"7":0,"8":0,"9":30},"b":{"0":[30,0],"1":[0,30],"2":[0,30],"3":[0,30],"4":[0,30],"5":[0,30],"6":[6,24],"7":[24,6],"8":[0,30],"9":[0,0],"10":[0,0],"11":[0,0],"12":[0,0],"13":[0,0]},"_coverageSchema":"1a1c01bbd47fc00a2c39e90264f33305004495a9","hash":"cee7c7aa5744df5f5fcb6152d61447b23f675801"}
,"/Users/tws94/Documents/fec/client/Questions/answerlist.jsx": {"path":"/Users/tws94/Documents/fec/client/Questions/answerlist.jsx","statementMap":{"0":{"start":{"line":6,"column":4},"end":{"line":6,"column":17}},"1":{"start":{"line":7,"column":4},"end":{"line":9,"column":5}},"2":{"start":{"line":10,"column":4},"end":{"line":10,"column":55}},"3":{"start":{"line":11,"column":4},"end":{"line":11,"column":57}},"4":{"start":{"line":15,"column":17},"end":{"line":15,"column":19}},"5":{"start":{"line":16,"column":4},"end":{"line":20,"column":5}},"6":{"start":{"line":16,"column":17},"end":{"line":16,"column":18}},"7":{"start":{"line":17,"column":6},"end":{"line":19,"column":7}},"8":{"start":{"line":18,"column":8},"end":{"line":18,"column":28}},"9":{"start":{"line":21,"column":4},"end":{"line":21,"column":18}},"10":{"start":{"line":25,"column":4},"end":{"line":25,"column":23}},"11":{"start":{"line":26,"column":4},"end":{"line":28,"column":6}},"12":{"start":{"line":32,"column":4},"end":{"line":36,"column":5}},"13":{"start":{"line":33,"column":6},"end":{"line":35,"column":8}},"14":{"start":{"line":40,"column":4},"end":{"line":63,"column":5}},"15":{"start":{"line":41,"column":6},"end":{"line":47,"column":8}},"16":{"start":{"line":43,"column":10},"end":{"line":43,"column":276}},"17":{"start":{"line":48,"column":11},"end":{"line":63,"column":5}},"18":{"start":{"line":49,"column":6},"end":{"line":55,"column":6}},"19":{"start":{"line":51,"column":8},"end":{"line":51,"column":274}},"20":{"start":{"line":57,"column":6},"end":{"line":62,"column":6}},"21":{"start":{"line":59,"column":8},"end":{"line":59,"column":274}}},"fnMap":{"0":{"name":"(anonymous_0)","decl":{"start":{"line":5,"column":2},"end":{"line":5,"column":3}},"loc":{"start":{"line":5,"column":21},"end":{"line":12,"column":3}},"line":5},"1":{"name":"(anonymous_1)","decl":{"start":{"line":14,"column":2},"end":{"line":14,"column":3}},"loc":{"start":{"line":14,"column":22},"end":{"line":22,"column":3}},"line":14},"2":{"name":"(anonymous_2)","decl":{"start":{"line":24,"column":2},"end":{"line":24,"column":3}},"loc":{"start":{"line":24,"column":19},"end":{"line":29,"column":3}},"line":24},"3":{"name":"(anonymous_3)","decl":{"start":{"line":31,"column":2},"end":{"line":31,"column":3}},"loc":{"start":{"line":31,"column":43},"end":{"line":37,"column":3}},"line":31},"4":{"name":"(anonymous_4)","decl":{"start":{"line":39,"column":2},"end":{"line":39,"column":3}},"loc":{"start":{"line":39,"column":11},"end":{"line":64,"column":3}},"line":39},"5":{"name":"(anonymous_5)","decl":{"start":{"line":42,"column":53},"end":{"line":42,"column":54}},"loc":{"start":{"line":43,"column":10},"end":{"line":43,"column":276}},"line":43},"6":{"name":"(anonymous_6)","decl":{"start":{"line":50,"column":30},"end":{"line":50,"column":31}},"loc":{"start":{"line":51,"column":8},"end":{"line":51,"column":274}},"line":51},"7":{"name":"(anonymous_7)","decl":{"start":{"line":58,"column":30},"end":{"line":58,"column":31}},"loc":{"start":{"line":59,"column":8},"end":{"line":59,"column":274}},"line":59}},"branchMap":{"0":{"loc":{"start":{"line":17,"column":6},"end":{"line":19,"column":7}},"type":"if","locations":[{"start":{"line":17,"column":6},"end":{"line":19,"column":7}},{"start":{},"end":{}}],"line":17},"1":{"loc":{"start":{"line":17,"column":10},"end":{"line":17,"column":28}},"type":"binary-expr","locations":[{"start":{"line":17,"column":10},"end":{"line":17,"column":17}},{"start":{"line":17,"column":21},"end":{"line":17,"column":28}}],"line":17},"2":{"loc":{"start":{"line":32,"column":4},"end":{"line":36,"column":5}},"type":"if","locations":[{"start":{"line":32,"column":4},"end":{"line":36,"column":5}},{"start":{},"end":{}}],"line":32},"3":{"loc":{"start":{"line":40,"column":4},"end":{"line":63,"column":5}},"type":"if","locations":[{"start":{"line":40,"column":4},"end":{"line":63,"column":5}},{"start":{"line":48,"column":11},"end":{"line":63,"column":5}}],"line":40},"4":{"loc":{"start":{"line":40,"column":8},"end":{"line":40,"column":70}},"type":"binary-expr","locations":[{"start":{"line":40,"column":8},"end":{"line":40,"column":37}},{"start":{"line":40,"column":41},"end":{"line":40,"column":70}}],"line":40},"5":{"loc":{"start":{"line":48,"column":11},"end":{"line":63,"column":5}},"type":"if","locations":[{"start":{"line":48,"column":11},"end":{"line":63,"column":5}},{"start":{"line":56,"column":11},"end":{"line":63,"column":5}}],"line":48},"6":{"loc":{"start":{"line":48,"column":15},"end":{"line":48,"column":76}},"type":"binary-expr","locations":[{"start":{"line":48,"column":15},"end":{"line":48,"column":43}},{"start":{"line":48,"column":47},"end":{"line":48,"column":76}}],"line":48}},"s":{"0":18,"1":18,"2":18,"3":18,"4":0,"5":0,"6":0,"7":0,"8":0,"9":0,"10":0,"11":0,"12":0,"13":0,"14":18,"15":0,"16":0,"17":18,"18":0,"19":0,"20":18,"21":30},"f":{"0":18,"1":0,"2":0,"3":0,"4":18,"5":0,"6":0,"7":30},"b":{"0":[0,0],"1":[0,0],"2":[0,0],"3":[0,18],"4":[18,18],"5":[0,18],"6":[18,0]},"_coverageSchema":"1a1c01bbd47fc00a2c39e90264f33305004495a9","hash":"fcca23f2e44bb00fd8c60d06736ce490253845cc"}
,"/Users/tws94/Documents/fec/client/Questions/modal.jsx": {"path":"/Users/tws94/Documents/fec/client/Questions/modal.jsx","statementMap":{"0":{"start":{"line":7,"column":4},"end":{"line":7,"column":17}},"1":{"start":{"line":8,"column":4},"end":{"line":9,"column":5}},"2":{"start":{"line":10,"column":4},"end":{"line":10,"column":51}},"3":{"start":{"line":11,"column":4},"end":{"line":11,"column":65}},"4":{"start":{"line":12,"column":4},"end":{"line":12,"column":53}},"5":{"start":{"line":13,"column":4},"end":{"line":13,"column":41}},"6":{"start":{"line":14,"column":4},"end":{"line":14,"column":39}},"7":{"start":{"line":18,"column":4},"end":{"line":18,"column":16}},"8":{"start":{"line":19,"column":4},"end":{"line":21,"column":6}},"9":{"start":{"line":25,"column":4},"end":{"line":29,"column":5}},"10":{"start":{"line":26,"column":6},"end":{"line":26,"column":19}},"11":{"start":{"line":28,"column":6},"end":{"line":28,"column":18}},"12":{"start":{"line":33,"column":4},"end":{"line":37,"column":5}},"13":{"start":{"line":34,"column":6},"end":{"line":34,"column":18}},"14":{"start":{"line":36,"column":6},"end":{"line":36,"column":19}},"15":{"start":{"line":42,"column":4},"end":{"line":42,"column":23}},"16":{"start":{"line":43,"column":4},"end":{"line":82,"column":5}},"17":{"start":{"line":44,"column":20},"end":{"line":56,"column":7}},"18":{"start":{"line":58,"column":6},"end":{"line":58,"column":27}},"19":{"start":{"line":59,"column":6},"end":{"line":67,"column":9}},"20":{"start":{"line":61,"column":8},"end":{"line":61,"column":28}},"21":{"start":{"line":62,"column":8},"end":{"line":62,"column":39}},"22":{"start":{"line":63,"column":8},"end":{"line":63,"column":34}},"23":{"start":{"line":66,"column":8},"end":{"line":66,"column":19}},"24":{"start":{"line":68,"column":11},"end":{"line":82,"column":5}},"25":{"start":{"line":69,"column":6},"end":{"line":69,"column":74}},"26":{"start":{"line":70,"column":11},"end":{"line":82,"column":5}},"27":{"start":{"line":71,"column":6},"end":{"line":71,"column":77}},"28":{"start":{"line":72,"column":11},"end":{"line":82,"column":5}},"29":{"start":{"line":73,"column":6},"end":{"line":73,"column":74}},"30":{"start":{"line":74,"column":11},"end":{"line":82,"column":5}},"31":{"start":{"line":75,"column":6},"end":{"line":75,"column":59}},"32":{"start":{"line":76,"column":11},"end":{"line":82,"column":5}},"33":{"start":{"line":77,"column":6},"end":{"line":77,"column":59}},"34":{"start":{"line":78,"column":11},"end":{"line":82,"column":5}},"35":{"start":{"line":79,"column":6},"end":{"line":79,"column":56}},"36":{"start":{"line":80,"column":11},"end":{"line":82,"column":5}},"37":{"start":{"line":81,"column":6},"end":{"line":81,"column":92}},"38":{"start":{"line":86,"column":4},"end":{"line":86,"column":23}},"39":{"start":{"line":87,"column":4},"end":{"line":87,"column":30}},"40":{"start":{"line":91,"column":4},"end":{"line":95,"column":7}},"41":{"start":{"line":99,"column":4},"end":{"line":101,"column":5}},"42":{"start":{"line":100,"column":6},"end":{"line":100,"column":18}},"43":{"start":{"line":102,"column":4},"end":{"line":127,"column":6}}},"fnMap":{"0":{"name":"(anonymous_0)","decl":{"start":{"line":6,"column":2},"end":{"line":6,"column":3}},"loc":{"start":{"line":6,"column":21},"end":{"line":15,"column":3}},"line":6},"1":{"name":"(anonymous_1)","decl":{"start":{"line":17,"column":2},"end":{"line":17,"column":3}},"loc":{"start":{"line":17,"column":17},"end":{"line":22,"column":3}},"line":17},"2":{"name":"(anonymous_2)","decl":{"start":{"line":24,"column":2},"end":{"line":24,"column":3}},"loc":{"start":{"line":24,"column":27},"end":{"line":30,"column":3}},"line":24},"3":{"name":"(anonymous_3)","decl":{"start":{"line":32,"column":2},"end":{"line":32,"column":3}},"loc":{"start":{"line":32,"column":22},"end":{"line":38,"column":3}},"line":32},"4":{"name":"(anonymous_4)","decl":{"start":{"line":41,"column":2},"end":{"line":41,"column":3}},"loc":{"start":{"line":41,"column":12},"end":{"line":83,"column":3}},"line":41},"5":{"name":"(anonymous_5)","decl":{"start":{"line":60,"column":12},"end":{"line":60,"column":13}},"loc":{"start":{"line":60,"column":22},"end":{"line":64,"column":7}},"line":60},"6":{"name":"(anonymous_6)","decl":{"start":{"line":65,"column":13},"end":{"line":65,"column":14}},"loc":{"start":{"line":65,"column":20},"end":{"line":67,"column":7}},"line":65},"7":{"name":"(anonymous_7)","decl":{"start":{"line":85,"column":2},"end":{"line":85,"column":3}},"loc":{"start":{"line":85,"column":11},"end":{"line":88,"column":3}},"line":85},"8":{"name":"(anonymous_8)","decl":{"start":{"line":90,"column":2},"end":{"line":90,"column":3}},"loc":{"start":{"line":90,"column":22},"end":{"line":96,"column":3}},"line":90},"9":{"name":"(anonymous_9)","decl":{"start":{"line":98,"column":2},"end":{"line":98,"column":3}},"loc":{"start":{"line":98,"column":11},"end":{"line":128,"column":3}},"line":98}},"branchMap":{"0":{"loc":{"start":{"line":25,"column":4},"end":{"line":29,"column":5}},"type":"if","locations":[{"start":{"line":25,"column":4},"end":{"line":29,"column":5}},{"start":{"line":27,"column":11},"end":{"line":29,"column":5}}],"line":25},"1":{"loc":{"start":{"line":33,"column":4},"end":{"line":37,"column":5}},"type":"if","locations":[{"start":{"line":33,"column":4},"end":{"line":37,"column":5}},{"start":{"line":35,"column":11},"end":{"line":37,"column":5}}],"line":33},"2":{"loc":{"start":{"line":33,"column":8},"end":{"line":33,"column":153}},"type":"binary-expr","locations":[{"start":{"line":33,"column":9},"end":{"line":33,"column":67}},{"start":{"line":33,"column":71},"end":{"line":33,"column":129}},{"start":{"line":33,"column":134},"end":{"line":33,"column":153}}],"line":33},"3":{"loc":{"start":{"line":43,"column":4},"end":{"line":82,"column":5}},"type":"if","locations":[{"start":{"line":43,"column":4},"end":{"line":82,"column":5}},{"start":{"line":68,"column":11},"end":{"line":82,"column":5}}],"line":43},"4":{"loc":{"start":{"line":43,"column":8},"end":{"line":43,"column":139}},"type":"binary-expr","locations":[{"start":{"line":43,"column":8},"end":{"line":43,"column":52}},{"start":{"line":43,"column":56},"end":{"line":43,"column":100}},{"start":{"line":43,"column":104},"end":{"line":43,"column":139}}],"line":43},"5":{"loc":{"start":{"line":68,"column":11},"end":{"line":82,"column":5}},"type":"if","locations":[{"start":{"line":68,"column":11},"end":{"line":82,"column":5}},{"start":{"line":70,"column":11},"end":{"line":82,"column":5}}],"line":68},"6":{"loc":{"start":{"line":68,"column":15},"end":{"line":68,"column":148}},"type":"binary-expr","locations":[{"start":{"line":68,"column":15},"end":{"line":68,"column":59}},{"start":{"line":68,"column":63},"end":{"line":68,"column":108}},{"start":{"line":68,"column":112},"end":{"line":68,"column":148}}],"line":68},"7":{"loc":{"start":{"line":70,"column":11},"end":{"line":82,"column":5}},"type":"if","locations":[{"start":{"line":70,"column":11},"end":{"line":82,"column":5}},{"start":{"line":72,"column":11},"end":{"line":82,"column":5}}],"line":70},"8":{"loc":{"start":{"line":70,"column":15},"end":{"line":70,"column":148}},"type":"binary-expr","locations":[{"start":{"line":70,"column":15},"end":{"line":70,"column":60}},{"start":{"line":70,"column":64},"end":{"line":70,"column":109}},{"start":{"line":70,"column":113},"end":{"line":70,"column":148}}],"line":70},"9":{"loc":{"start":{"line":72,"column":11},"end":{"line":82,"column":5}},"type":"if","locations":[{"start":{"line":72,"column":11},"end":{"line":82,"column":5}},{"start":{"line":74,"column":11},"end":{"line":82,"column":5}}],"line":72},"10":{"loc":{"start":{"line":72,"column":15},"end":{"line":72,"column":148}},"type":"binary-expr","locations":[{"start":{"line":72,"column":15},"end":{"line":72,"column":60}},{"start":{"line":72,"column":64},"end":{"line":72,"column":108}},{"start":{"line":72,"column":112},"end":{"line":72,"column":148}}],"line":72},"11":{"loc":{"start":{"line":74,"column":11},"end":{"line":82,"column":5}},"type":"if","locations":[{"start":{"line":74,"column":11},"end":{"line":82,"column":5}},{"start":{"line":76,"column":11},"end":{"line":82,"column":5}}],"line":74},"12":{"loc":{"start":{"line":74,"column":15},"end":{"line":74,"column":147}},"type":"binary-expr","locations":[{"start":{"line":74,"column":15},"end":{"line":74,"column":60}},{"start":{"line":74,"column":64},"end":{"line":74,"column":108}},{"start":{"line":74,"column":112},"end":{"line":74,"column":147}}],"line":74},"13":{"loc":{"start":{"line":76,"column":11},"end":{"line":82,"column":5}},"type":"if","locations":[{"start":{"line":76,"column":11},"end":{"line":82,"column":5}},{"start":{"line":78,"column":11},"end":{"line":82,"column":5}}],"line":76},"14":{"loc":{"start":{"line":76,"column":15},"end":{"line":76,"column":147}},"type":"binary-expr","locations":[{"start":{"line":76,"column":15},"end":{"line":76,"column":59}},{"start":{"line":76,"column":63},"end":{"line":76,"column":108}},{"start":{"line":76,"column":112},"end":{"line":76,"column":147}}],"line":76},"15":{"loc":{"start":{"line":78,"column":11},"end":{"line":82,"column":5}},"type":"if","locations":[{"start":{"line":78,"column":11},"end":{"line":82,"column":5}},{"start":{"line":80,"column":11},"end":{"line":82,"column":5}}],"line":78},"16":{"loc":{"start":{"line":78,"column":15},"end":{"line":78,"column":147}},"type":"binary-expr","locations":[{"start":{"line":78,"column":15},"end":{"line":78,"column":59}},{"start":{"line":78,"column":63},"end":{"line":78,"column":107}},{"start":{"line":78,"column":111},"end":{"line":78,"column":147}}],"line":78},"17":{"loc":{"start":{"line":80,"column":11},"end":{"line":82,"column":5}},"type":"if","locations":[{"start":{"line":80,"column":11},"end":{"line":82,"column":5}},{"start":{},"end":{}}],"line":80},"18":{"loc":{"start":{"line":80,"column":15},"end":{"line":80,"column":149}},"type":"binary-expr","locations":[{"start":{"line":80,"column":15},"end":{"line":80,"column":60}},{"start":{"line":80,"column":64},"end":{"line":80,"column":109}},{"start":{"line":80,"column":113},"end":{"line":80,"column":149}}],"line":80},"19":{"loc":{"start":{"line":99,"column":4},"end":{"line":101,"column":5}},"type":"if","locations":[{"start":{"line":99,"column":4},"end":{"line":101,"column":5}},{"start":{},"end":{}}],"line":99},"20":{"loc":{"start":{"line":112,"column":150},"end":{"line":112,"column":175}},"type":"binary-expr","locations":[{"start":{"line":112,"column":150},"end":{"line":112,"column":169}},{"start":{"line":112,"column":173},"end":{"line":112,"column":175}}],"line":112},"21":{"loc":{"start":{"line":117,"column":182},"end":{"line":117,"column":207}},"type":"binary-expr","locations":[{"start":{"line":117,"column":182},"end":{"line":117,"column":201}},{"start":{"line":117,"column":205},"end":{"line":117,"column":207}}],"line":117},"22":{"loc":{"start":{"line":123,"column":193},"end":{"line":123,"column":215}},"type":"binary-expr","locations":[{"start":{"line":123,"column":193},"end":{"line":123,"column":209}},{"start":{"line":123,"column":213},"end":{"line":123,"column":215}}],"line":123}},"s":{"0":0,"1":0,"2":0,"3":0,"4":0,"5":0,"6":0,"7":0,"8":0,"9":0,"10":0,"11":0,"12":0,"13":0,"14":0,"15":0,"16":0,"17":0,"18":0,"19":0,"20":0,"21":0,"22":0,"23":0,"24":0,"25":0,"26":0,"27":0,"28":0,"29":0,"30":0,"31":0,"32":0,"33":0,"34":0,"35":0,"36":0,"37":0,"38":0,"39":0,"40":0,"41":0,"42":0,"43":0},"f":{"0":0,"1":0,"2":0,"3":0,"4":0,"5":0,"6":0,"7":0,"8":0,"9":0},"b":{"0":[0,0],"1":[0,0],"2":[0,0,0],"3":[0,0],"4":[0,0,0],"5":[0,0],"6":[0,0,0],"7":[0,0],"8":[0,0,0],"9":[0,0],"10":[0,0,0],"11":[0,0],"12":[0,0,0],"13":[0,0],"14":[0,0,0],"15":[0,0],"16":[0,0,0],"17":[0,0],"18":[0,0,0],"19":[0,0],"20":[0,0],"21":[0,0],"22":[0,0]},"_coverageSchema":"1a1c01bbd47fc00a2c39e90264f33305004495a9","hash":"e907c9f0702fe2da8bfad1512ea0b7c011cbfa80"}
,"/Users/tws94/Documents/fec/client/Questions/question.jsx": {"path":"/Users/tws94/Documents/fec/client/Questions/question.jsx","statementMap":{"0":{"start":{"line":8,"column":4},"end":{"line":8,"column":17}},"1":{"start":{"line":9,"column":4},"end":{"line":15,"column":5}},"2":{"start":{"line":16,"column":4},"end":{"line":16,"column":45}},"3":{"start":{"line":17,"column":4},"end":{"line":17,"column":60}},"4":{"start":{"line":18,"column":4},"end":{"line":18,"column":41}},"5":{"start":{"line":19,"column":4},"end":{"line":19,"column":49}},"6":{"start":{"line":20,"column":4},"end":{"line":20,"column":51}},"7":{"start":{"line":21,"column":4},"end":{"line":21,"column":63}},"8":{"start":{"line":25,"column":4},"end":{"line":25,"column":23}},"9":{"start":{"line":26,"column":4},"end":{"line":26,"column":83}},"10":{"start":{"line":30,"column":14},"end":{"line":30,"column":16}},"11":{"start":{"line":31,"column":4},"end":{"line":33,"column":5}},"12":{"start":{"line":32,"column":6},"end":{"line":32,"column":25}},"13":{"start":{"line":34,"column":4},"end":{"line":34,"column":15}},"14":{"start":{"line":38,"column":20},"end":{"line":38,"column":22}},"15":{"start":{"line":39,"column":4},"end":{"line":44,"column":5}},"16":{"start":{"line":39,"column":17},"end":{"line":39,"column":18}},"17":{"start":{"line":40,"column":6},"end":{"line":43,"column":7}},"18":{"start":{"line":41,"column":8},"end":{"line":41,"column":34}},"19":{"start":{"line":42,"column":8},"end":{"line":42,"column":25}},"20":{"start":{"line":46,"column":4},"end":{"line":48,"column":5}},"21":{"start":{"line":46,"column":17},"end":{"line":46,"column":18}},"22":{"start":{"line":47,"column":6},"end":{"line":47,"column":32}},"23":{"start":{"line":49,"column":4},"end":{"line":49,"column":15}},"24":{"start":{"line":53,"column":4},"end":{"line":53,"column":23}},"25":{"start":{"line":54,"column":4},"end":{"line":56,"column":6}},"26":{"start":{"line":60,"column":22},"end":{"line":60,"column":24}},"27":{"start":{"line":62,"column":4},"end":{"line":67,"column":5}},"28":{"start":{"line":62,"column":17},"end":{"line":62,"column":18}},"29":{"start":{"line":63,"column":6},"end":{"line":66,"column":7}},"30":{"start":{"line":64,"column":8},"end":{"line":64,"column":33}},"31":{"start":{"line":65,"column":8},"end":{"line":65,"column":25}},"32":{"start":{"line":69,"column":4},"end":{"line":69,"column":58}},"33":{"start":{"line":69,"column":23},"end":{"line":69,"column":56}},"34":{"start":{"line":70,"column":4},"end":{"line":70,"column":18}},"35":{"start":{"line":72,"column":4},"end":{"line":74,"column":5}},"36":{"start":{"line":72,"column":17},"end":{"line":72,"column":18}},"37":{"start":{"line":73,"column":6},"end":{"line":73,"column":31}},"38":{"start":{"line":75,"column":4},"end":{"line":75,"column":15}},"39":{"start":{"line":79,"column":4},"end":{"line":79,"column":23}},"40":{"start":{"line":80,"column":18},"end":{"line":88,"column":5}},"41":{"start":{"line":89,"column":4},"end":{"line":98,"column":6}},"42":{"start":{"line":91,"column":6},"end":{"line":94,"column":8}},"43":{"start":{"line":97,"column":6},"end":{"line":97,"column":23}},"44":{"start":{"line":103,"column":4},"end":{"line":120,"column":12}}},"fnMap":{"0":{"name":"(anonymous_0)","decl":{"start":{"line":7,"column":2},"end":{"line":7,"column":3}},"loc":{"start":{"line":7,"column":21},"end":{"line":22,"column":3}},"line":7},"1":{"name":"(anonymous_1)","decl":{"start":{"line":24,"column":2},"end":{"line":24,"column":3}},"loc":{"start":{"line":24,"column":23},"end":{"line":27,"column":3}},"line":24},"2":{"name":"(anonymous_2)","decl":{"start":{"line":29,"column":2},"end":{"line":29,"column":3}},"loc":{"start":{"line":29,"column":16},"end":{"line":35,"column":3}},"line":29},"3":{"name":"(anonymous_3)","decl":{"start":{"line":37,"column":2},"end":{"line":37,"column":3}},"loc":{"start":{"line":37,"column":18},"end":{"line":50,"column":3}},"line":37},"4":{"name":"(anonymous_4)","decl":{"start":{"line":52,"column":2},"end":{"line":52,"column":3}},"loc":{"start":{"line":52,"column":12},"end":{"line":57,"column":3}},"line":52},"5":{"name":"(anonymous_5)","decl":{"start":{"line":59,"column":2},"end":{"line":59,"column":3}},"loc":{"start":{"line":59,"column":23},"end":{"line":76,"column":3}},"line":59},"6":{"name":"(anonymous_6)","decl":{"start":{"line":69,"column":13},"end":{"line":69,"column":14}},"loc":{"start":{"line":69,"column":23},"end":{"line":69,"column":56}},"line":69},"7":{"name":"(anonymous_7)","decl":{"start":{"line":78,"column":2},"end":{"line":78,"column":3}},"loc":{"start":{"line":78,"column":17},"end":{"line":99,"column":3}},"line":78},"8":{"name":"(anonymous_8)","decl":{"start":{"line":90,"column":10},"end":{"line":90,"column":11}},"loc":{"start":{"line":90,"column":20},"end":{"line":95,"column":5}},"line":90},"9":{"name":"(anonymous_9)","decl":{"start":{"line":96,"column":11},"end":{"line":96,"column":12}},"loc":{"start":{"line":96,"column":18},"end":{"line":98,"column":5}},"line":96},"10":{"name":"(anonymous_10)","decl":{"start":{"line":102,"column":2},"end":{"line":102,"column":3}},"loc":{"start":{"line":102,"column":11},"end":{"line":121,"column":3}},"line":102}},"branchMap":{"0":{"loc":{"start":{"line":40,"column":6},"end":{"line":43,"column":7}},"type":"if","locations":[{"start":{"line":40,"column":6},"end":{"line":43,"column":7}},{"start":{},"end":{}}],"line":40},"1":{"loc":{"start":{"line":63,"column":6},"end":{"line":66,"column":7}},"type":"if","locations":[{"start":{"line":63,"column":6},"end":{"line":66,"column":7}},{"start":{},"end":{}}],"line":63},"2":{"loc":{"start":{"line":103,"column":66},"end":{"line":103,"column":131}},"type":"cond-expr","locations":[{"start":{"line":103,"column":114},"end":{"line":103,"column":122}},{"start":{"line":103,"column":125},"end":{"line":103,"column":131}}],"line":103},"3":{"loc":{"start":{"line":111,"column":101},"end":{"line":111,"column":130}},"type":"cond-expr","locations":[{"start":{"line":111,"column":120},"end":{"line":111,"column":124}},{"start":{"line":111,"column":127},"end":{"line":111,"column":130}}],"line":111},"4":{"loc":{"start":{"line":111,"column":141},"end":{"line":111,"column":183}},"type":"cond-expr","locations":[{"start":{"line":111,"column":160},"end":{"line":111,"column":164}},{"start":{"line":111,"column":167},"end":{"line":111,"column":183}}],"line":111},"5":{"loc":{"start":{"line":112,"column":123},"end":{"line":112,"column":155}},"type":"cond-expr","locations":[{"start":{"line":112,"column":145},"end":{"line":112,"column":149}},{"start":{"line":112,"column":152},"end":{"line":112,"column":155}}],"line":112},"6":{"loc":{"start":{"line":112,"column":159},"end":{"line":112,"column":202}},"type":"cond-expr","locations":[{"start":{"line":112,"column":181},"end":{"line":112,"column":191}},{"start":{"line":112,"column":194},"end":{"line":112,"column":202}}],"line":112}},"s":{"0":18,"1":18,"2":18,"3":18,"4":18,"5":18,"6":18,"7":18,"8":0,"9":0,"10":18,"11":18,"12":30,"13":18,"14":18,"15":18,"16":18,"17":30,"18":6,"19":6,"20":18,"21":18,"22":6,"23":18,"24":0,"25":0,"26":18,"27":18,"28":18,"29":30,"30":0,"31":0,"32":18,"33":12,"34":18,"35":18,"36":18,"37":0,"38":18,"39":0,"40":0,"41":0,"42":0,"43":0,"44":18},"f":{"0":18,"1":0,"2":18,"3":18,"4":0,"5":18,"6":12,"7":0,"8":0,"9":0,"10":18},"b":{"0":[6,24],"1":[0,30],"2":[0,18],"3":[0,18],"4":[0,18],"5":[0,18],"6":[0,18]},"_coverageSchema":"1a1c01bbd47fc00a2c39e90264f33305004495a9","hash":"a0775e8e7d4ced86424dbcff38ea17a42ef43918"}
,"/Users/tws94/Documents/fec/client/Questions/questionslist.jsx": {"path":"/Users/tws94/Documents/fec/client/Questions/questionslist.jsx","statementMap":{"0":{"start":{"line":7,"column":4},"end":{"line":7,"column":17}},"1":{"start":{"line":8,"column":4},"end":{"line":9,"column":6}},"2":{"start":{"line":13,"column":4},"end":{"line":29,"column":5}},"3":{"start":{"line":14,"column":6},"end":{"line":14,"column":18}},"4":{"start":{"line":15,"column":11},"end":{"line":29,"column":5}},"5":{"start":{"line":16,"column":4},"end":{"line":21,"column":12}},"6":{"start":{"line":19,"column":8},"end":{"line":19,"column":507}},"7":{"start":{"line":22,"column":11},"end":{"line":29,"column":5}},"8":{"start":{"line":23,"column":6},"end":{"line":28,"column":14}},"9":{"start":{"line":26,"column":10},"end":{"line":26,"column":509}}},"fnMap":{"0":{"name":"(anonymous_0)","decl":{"start":{"line":6,"column":2},"end":{"line":6,"column":3}},"loc":{"start":{"line":6,"column":21},"end":{"line":10,"column":3}},"line":6},"1":{"name":"(anonymous_1)","decl":{"start":{"line":12,"column":2},"end":{"line":12,"column":3}},"loc":{"start":{"line":12,"column":11},"end":{"line":30,"column":3}},"line":12},"2":{"name":"(anonymous_2)","decl":{"start":{"line":18,"column":32},"end":{"line":18,"column":33}},"loc":{"start":{"line":19,"column":8},"end":{"line":19,"column":507}},"line":19},"3":{"name":"(anonymous_3)","decl":{"start":{"line":25,"column":34},"end":{"line":25,"column":35}},"loc":{"start":{"line":26,"column":10},"end":{"line":26,"column":509}},"line":26}},"branchMap":{"0":{"loc":{"start":{"line":13,"column":4},"end":{"line":29,"column":5}},"type":"if","locations":[{"start":{"line":13,"column":4},"end":{"line":29,"column":5}},{"start":{"line":15,"column":11},"end":{"line":29,"column":5}}],"line":13},"1":{"loc":{"start":{"line":15,"column":11},"end":{"line":29,"column":5}},"type":"if","locations":[{"start":{"line":15,"column":11},"end":{"line":29,"column":5}},{"start":{"line":22,"column":11},"end":{"line":29,"column":5}}],"line":15},"2":{"loc":{"start":{"line":22,"column":11},"end":{"line":29,"column":5}},"type":"if","locations":[{"start":{"line":22,"column":11},"end":{"line":29,"column":5}},{"start":{},"end":{}}],"line":22}},"s":{"0":6,"1":6,"2":6,"3":0,"4":6,"5":6,"6":18,"7":0,"8":0,"9":0},"f":{"0":6,"1":6,"2":18,"3":0},"b":{"0":[0,6],"1":[6,0],"2":[0,0]},"_coverageSchema":"1a1c01bbd47fc00a2c39e90264f33305004495a9","hash":"4f455ea5b7642e8f4e4b0e06a906831942b6f13c"}
,"/Users/tws94/Documents/fec/client/Questions/search.jsx": {"path":"/Users/tws94/Documents/fec/client/Questions/search.jsx","statementMap":{"0":{"start":{"line":5,"column":4},"end":{"line":5,"column":17}},"1":{"start":{"line":6,"column":4},"end":{"line":8,"column":5}},"2":{"start":{"line":9,"column":4},"end":{"line":9,"column":51}},"3":{"start":{"line":13,"column":4},"end":{"line":13,"column":16}},"4":{"start":{"line":14,"column":4},"end":{"line":22,"column":5}},"5":{"start":{"line":15,"column":6},"end":{"line":17,"column":44}},"6":{"start":{"line":19,"column":6},"end":{"line":21,"column":44}},"7":{"start":{"line":26,"column":4},"end":{"line":29,"column":6}}},"fnMap":{"0":{"name":"(anonymous_0)","decl":{"start":{"line":4,"column":2},"end":{"line":4,"column":3}},"loc":{"start":{"line":4,"column":21},"end":{"line":10,"column":3}},"line":4},"1":{"name":"(anonymous_1)","decl":{"start":{"line":12,"column":2},"end":{"line":12,"column":3}},"loc":{"start":{"line":12,"column":17},"end":{"line":23,"column":3}},"line":12},"2":{"name":"(anonymous_2)","decl":{"start":{"line":25,"column":2},"end":{"line":25,"column":3}},"loc":{"start":{"line":25,"column":11},"end":{"line":30,"column":3}},"line":25}},"branchMap":{"0":{"loc":{"start":{"line":14,"column":4},"end":{"line":22,"column":5}},"type":"if","locations":[{"start":{"line":14,"column":4},"end":{"line":22,"column":5}},{"start":{"line":18,"column":11},"end":{"line":22,"column":5}}],"line":14}},"s":{"0":0,"1":0,"2":0,"3":0,"4":0,"5":0,"6":0,"7":0},"f":{"0":0,"1":0,"2":0},"b":{"0":[0,0]},"_coverageSchema":"1a1c01bbd47fc00a2c39e90264f33305004495a9","hash":"a7794a1aee3e1362b072fe24abc29b824ff810a6"}
,"/Users/tws94/Documents/fec/client/overview/generalProductInfo.jsx": {"path":"/Users/tws94/Documents/fec/client/overview/generalProductInfo.jsx","statementMap":{"0":{"start":{"line":9,"column":16},"end":{"line":9,"column":70}},"1":{"start":{"line":13,"column":4},"end":{"line":13,"column":17}},"2":{"start":{"line":14,"column":4},"end":{"line":14,"column":55}},"3":{"start":{"line":15,"column":4},"end":{"line":18,"column":6}},"4":{"start":{"line":22,"column":4},"end":{"line":57,"column":5}},"5":{"start":{"line":23,"column":6},"end":{"line":38,"column":9}},"6":{"start":{"line":30,"column":8},"end":{"line":30,"column":71}},"7":{"start":{"line":31,"column":8},"end":{"line":34,"column":11}},"8":{"start":{"line":37,"column":8},"end":{"line":37,"column":27}},"9":{"start":{"line":40,"column":6},"end":{"line":56,"column":7}},"10":{"start":{"line":47,"column":6},"end":{"line":47,"column":69}},"11":{"start":{"line":48,"column":6},"end":{"line":51,"column":9}},"12":{"start":{"line":55,"column":6},"end":{"line":55,"column":25}},"13":{"start":{"line":68,"column":4},"end":{"line":70,"column":5}},"14":{"start":{"line":69,"column":6},"end":{"line":69,"column":34}},"15":{"start":{"line":74,"column":4},"end":{"line":74,"column":23}},"16":{"start":{"line":75,"column":4},"end":{"line":75,"column":54}},"17":{"start":{"line":78,"column":18},"end":{"line":82,"column":3}},"18":{"start":{"line":79,"column":4},"end":{"line":81,"column":7}},"19":{"start":{"line":85,"column":4},"end":{"line":100,"column":5}}},"fnMap":{"0":{"name":"(anonymous_0)","decl":{"start":{"line":12,"column":2},"end":{"line":12,"column":3}},"loc":{"start":{"line":12,"column":22},"end":{"line":19,"column":3}},"line":12},"1":{"name":"(anonymous_1)","decl":{"start":{"line":21,"column":2},"end":{"line":21,"column":3}},"loc":{"start":{"line":21,"column":25},"end":{"line":58,"column":3}},"line":21},"2":{"name":"(anonymous_2)","decl":{"start":{"line":29,"column":12},"end":{"line":29,"column":13}},"loc":{"start":{"line":29,"column":23},"end":{"line":35,"column":7}},"line":29},"3":{"name":"(anonymous_3)","decl":{"start":{"line":36,"column":13},"end":{"line":36,"column":14}},"loc":{"start":{"line":36,"column":22},"end":{"line":38,"column":7}},"line":36},"4":{"name":"(anonymous_4)","decl":{"start":{"line":46,"column":10},"end":{"line":46,"column":11}},"loc":{"start":{"line":46,"column":21},"end":{"line":52,"column":5}},"line":46},"5":{"name":"(anonymous_5)","decl":{"start":{"line":54,"column":11},"end":{"line":54,"column":12}},"loc":{"start":{"line":54,"column":20},"end":{"line":56,"column":5}},"line":54},"6":{"name":"(anonymous_6)","decl":{"start":{"line":67,"column":2},"end":{"line":67,"column":3}},"loc":{"start":{"line":67,"column":43},"end":{"line":71,"column":3}},"line":67},"7":{"name":"(anonymous_7)","decl":{"start":{"line":73,"column":2},"end":{"line":73,"column":3}},"loc":{"start":{"line":73,"column":19},"end":{"line":76,"column":3}},"line":73},"8":{"name":"(anonymous_8)","decl":{"start":{"line":78,"column":18},"end":{"line":78,"column":19}},"loc":{"start":{"line":78,"column":32},"end":{"line":82,"column":3}},"line":78},"9":{"name":"(anonymous_9)","decl":{"start":{"line":84,"column":2},"end":{"line":84,"column":3}},"loc":{"start":{"line":84,"column":11},"end":{"line":101,"column":3}},"line":84}},"branchMap":{"0":{"loc":{"start":{"line":22,"column":4},"end":{"line":57,"column":5}},"type":"if","locations":[{"start":{"line":22,"column":4},"end":{"line":57,"column":5}},{"start":{"line":39,"column":11},"end":{"line":57,"column":5}}],"line":22},"1":{"loc":{"start":{"line":68,"column":4},"end":{"line":70,"column":5}},"type":"if","locations":[{"start":{"line":68,"column":4},"end":{"line":70,"column":5}},{"start":{},"end":{}}],"line":68},"2":{"loc":{"start":{"line":68,"column":7},"end":{"line":68,"column":87}},"type":"binary-expr","locations":[{"start":{"line":68,"column":7},"end":{"line":68,"column":37}},{"start":{"line":68,"column":41},"end":{"line":68,"column":87}}],"line":68}},"s":{"0":1,"1":0,"2":0,"3":0,"4":0,"5":0,"6":0,"7":0,"8":0,"9":0,"10":0,"11":0,"12":0,"13":0,"14":0,"15":0,"16":0,"17":0,"18":0,"19":0},"f":{"0":0,"1":0,"2":0,"3":0,"4":0,"5":0,"6":0,"7":0,"8":0,"9":0},"b":{"0":[0,0],"1":[0,0],"2":[0,0]},"_coverageSchema":"1a1c01bbd47fc00a2c39e90264f33305004495a9","hash":"18cae2d9414aeca52eb2ac653282ef27a1c6cd32"}
,"/Users/tws94/Documents/fec/client/overview/overviewcomponents/gallery.jsx": {"path":"/Users/tws94/Documents/fec/client/overview/overviewcomponents/gallery.jsx","statementMap":{"0":{"start":{"line":6,"column":16},"end":{"line":6,"column":70}},"1":{"start":{"line":10,"column":4},"end":{"line":10,"column":17}},"2":{"start":{"line":11,"column":4},"end":{"line":13,"column":5}},"3":{"start":{"line":17,"column":4},"end":{"line":17,"column":23}},"4":{"start":{"line":18,"column":4},"end":{"line":40,"column":5}},"5":{"start":{"line":19,"column":6},"end":{"line":27,"column":7}},"6":{"start":{"line":20,"column":8},"end":{"line":22,"column":11}},"7":{"start":{"line":24,"column":8},"end":{"line":26,"column":11}},"8":{"start":{"line":30,"column":6},"end":{"line":38,"column":7}},"9":{"start":{"line":31,"column":8},"end":{"line":33,"column":11}},"10":{"start":{"line":35,"column":8},"end":{"line":37,"column":11}},"11":{"start":{"line":42,"column":4},"end":{"line":42,"column":39}},"12":{"start":{"line":49,"column":4},"end":{"line":51,"column":5}},"13":{"start":{"line":50,"column":6},"end":{"line":50,"column":75}},"14":{"start":{"line":52,"column":4},"end":{"line":58,"column":5}}},"fnMap":{"0":{"name":"(anonymous_0)","decl":{"start":{"line":9,"column":2},"end":{"line":9,"column":3}},"loc":{"start":{"line":9,"column":21},"end":{"line":14,"column":3}},"line":9},"1":{"name":"(anonymous_1)","decl":{"start":{"line":16,"column":2},"end":{"line":16,"column":3}},"loc":{"start":{"line":16,"column":19},"end":{"line":44,"column":3}},"line":16},"2":{"name":"(anonymous_2)","decl":{"start":{"line":47,"column":2},"end":{"line":47,"column":3}},"loc":{"start":{"line":47,"column":11},"end":{"line":59,"column":3}},"line":47}},"branchMap":{"0":{"loc":{"start":{"line":18,"column":4},"end":{"line":40,"column":5}},"type":"if","locations":[{"start":{"line":18,"column":4},"end":{"line":40,"column":5}},{"start":{"line":29,"column":11},"end":{"line":40,"column":5}}],"line":18},"1":{"loc":{"start":{"line":19,"column":6},"end":{"line":27,"column":7}},"type":"if","locations":[{"start":{"line":19,"column":6},"end":{"line":27,"column":7}},{"start":{"line":23,"column":13},"end":{"line":27,"column":7}}],"line":19},"2":{"loc":{"start":{"line":30,"column":6},"end":{"line":38,"column":7}},"type":"if","locations":[{"start":{"line":30,"column":6},"end":{"line":38,"column":7}},{"start":{"line":34,"column":13},"end":{"line":38,"column":7}}],"line":30},"3":{"loc":{"start":{"line":49,"column":4},"end":{"line":51,"column":5}},"type":"if","locations":[{"start":{"line":49,"column":4},"end":{"line":51,"column":5}},{"start":{},"end":{}}],"line":49}},"s":{"0":1,"1":0,"2":0,"3":0,"4":0,"5":0,"6":0,"7":0,"8":0,"9":0,"10":0,"11":0,"12":0,"13":0,"14":0},"f":{"0":0,"1":0,"2":0},"b":{"0":[0,0],"1":[0,0],"2":[0,0],"3":[0,0]},"_coverageSchema":"1a1c01bbd47fc00a2c39e90264f33305004495a9","hash":"387fcf43c6554e579da50f07476df88144103ead"}
,"/Users/tws94/Documents/fec/client/overview/overviewcomponents/styleselector.jsx": {"path":"/Users/tws94/Documents/fec/client/overview/overviewcomponents/styleselector.jsx","statementMap":{"0":{"start":{"line":6,"column":16},"end":{"line":6,"column":70}},"1":{"start":{"line":10,"column":4},"end":{"line":10,"column":17}},"2":{"start":{"line":14,"column":4},"end":{"line":14,"column":23}},"3":{"start":{"line":15,"column":23},"end":{"line":15,"column":57}},"4":{"start":{"line":16,"column":4},"end":{"line":16,"column":30}},"5":{"start":{"line":17,"column":4},"end":{"line":17,"column":43}},"6":{"start":{"line":21,"column":22},"end":{"line":21,"column":29}},"7":{"start":{"line":22,"column":4},"end":{"line":27,"column":7}},"8":{"start":{"line":23,"column":6},"end":{"line":23,"column":39}},"9":{"start":{"line":24,"column":6},"end":{"line":26,"column":7}},"10":{"start":{"line":25,"column":8},"end":{"line":25,"column":28}},"11":{"start":{"line":28,"column":4},"end":{"line":28,"column":23}},"12":{"start":{"line":32,"column":22},"end":{"line":32,"column":24}},"13":{"start":{"line":33,"column":4},"end":{"line":35,"column":5}},"14":{"start":{"line":33,"column":17},"end":{"line":33,"column":18}},"15":{"start":{"line":34,"column":6},"end":{"line":34,"column":65}},"16":{"start":{"line":37,"column":4},"end":{"line":52,"column":5}},"17":{"start":{"line":42,"column":16},"end":{"line":46,"column":22}},"18":{"start":{"line":44,"column":20},"end":{"line":44,"column":109}}},"fnMap":{"0":{"name":"(anonymous_0)","decl":{"start":{"line":9,"column":2},"end":{"line":9,"column":3}},"loc":{"start":{"line":9,"column":21},"end":{"line":11,"column":3}},"line":9},"1":{"name":"(anonymous_1)","decl":{"start":{"line":13,"column":2},"end":{"line":13,"column":3}},"loc":{"start":{"line":13,"column":22},"end":{"line":18,"column":3}},"line":13},"2":{"name":"(anonymous_2)","decl":{"start":{"line":20,"column":2},"end":{"line":20,"column":3}},"loc":{"start":{"line":20,"column":18},"end":{"line":29,"column":3}},"line":20},"3":{"name":"(anonymous_3)","decl":{"start":{"line":22,"column":30},"end":{"line":22,"column":31}},"loc":{"start":{"line":22,"column":39},"end":{"line":27,"column":5}},"line":22},"4":{"name":"(anonymous_4)","decl":{"start":{"line":31,"column":2},"end":{"line":31,"column":3}},"loc":{"start":{"line":31,"column":11},"end":{"line":53,"column":3}},"line":31},"5":{"name":"(anonymous_5)","decl":{"start":{"line":41,"column":30},"end":{"line":41,"column":31}},"loc":{"start":{"line":42,"column":16},"end":{"line":46,"column":22}},"line":42},"6":{"name":"(anonymous_6)","decl":{"start":{"line":43,"column":37},"end":{"line":43,"column":38}},"loc":{"start":{"line":44,"column":20},"end":{"line":44,"column":109}},"line":44}},"branchMap":{"0":{"loc":{"start":{"line":24,"column":6},"end":{"line":26,"column":7}},"type":"if","locations":[{"start":{"line":24,"column":6},"end":{"line":26,"column":7}},{"start":{},"end":{}}],"line":24}},"s":{"0":1,"1":0,"2":0,"3":0,"4":0,"5":0,"6":0,"7":0,"8":0,"9":0,"10":0,"11":0,"12":0,"13":0,"14":0,"15":0,"16":0,"17":0,"18":0},"f":{"0":0,"1":0,"2":0,"3":0,"4":0,"5":0,"6":0},"b":{"0":[0,0]},"_coverageSchema":"1a1c01bbd47fc00a2c39e90264f33305004495a9","hash":"8cbb0650bd2112e168b34fb856bfa3ee0a6a1a9b"}
,"/Users/tws94/Documents/fec/client/reviews/index.jsx": {"path":"/Users/tws94/Documents/fec/client/reviews/index.jsx","statementMap":{"0":{"start":{"line":6,"column":4},"end":{"line":6,"column":17}},"1":{"start":{"line":7,"column":4},"end":{"line":7,"column":20}},"2":{"start":{"line":11,"column":4},"end":{"line":15,"column":5}}},"fnMap":{"0":{"name":"(anonymous_0)","decl":{"start":{"line":5,"column":2},"end":{"line":5,"column":3}},"loc":{"start":{"line":5,"column":21},"end":{"line":8,"column":3}},"line":5},"1":{"name":"(anonymous_1)","decl":{"start":{"line":10,"column":2},"end":{"line":10,"column":3}},"loc":{"start":{"line":10,"column":11},"end":{"line":16,"column":3}},"line":10}},"branchMap":{},"s":{"0":1,"1":1,"2":1},"f":{"0":1,"1":1},"b":{},"_coverageSchema":"1a1c01bbd47fc00a2c39e90264f33305004495a9","hash":"97181e68680ec6b3bab24fa07afcc7d59a131351"}
,"/Users/tws94/Documents/fec/test/client/testanswers.js": {"path":"/Users/tws94/Documents/fec/test/client/testanswers.js","statementMap":{"0":{"start":{"line":1,"column":18},"end":{"line":33,"column":1}}},"fnMap":{},"branchMap":{},"s":{"0":1},"f":{},"b":{},"_coverageSchema":"1a1c01bbd47fc00a2c39e90264f33305004495a9","hash":"de6312e3710f09db35d336f249570231e8011b16"}
,"/Users/tws94/Documents/fec/test/client/testproduct.js": {"path":"/Users/tws94/Documents/fec/test/client/testproduct.js","statementMap":{"0":{"start":{"line":1,"column":18},"end":{"line":25,"column":1}}},"fnMap":{},"branchMap":{},"s":{"0":1},"f":{},"b":{},"_coverageSchema":"1a1c01bbd47fc00a2c39e90264f33305004495a9","hash":"070de6f111ebe37943462b2cebd03212571f8b63"}
,"/Users/tws94/Documents/fec/test/client/testquestions.js": {"path":"/Users/tws94/Documents/fec/test/client/testquestions.js","statementMap":{"0":{"start":{"line":1,"column":20},"end":{"line":70,"column":2}}},"fnMap":{},"branchMap":{},"s":{"0":1},"f":{},"b":{},"_coverageSchema":"1a1c01bbd47fc00a2c39e90264f33305004495a9","hash":"2cbe645aedf04f165c7de219c9e322197de78b31"}
}
